{"/home/lillallol/Desktop/programming/A_web_related/projects/npm/outline-pdf/src/outlinePdf/createOutlineDictFactory.ts": {"path":"/home/lillallol/Desktop/programming/A_web_related/projects/npm/outline-pdf/src/outlinePdf/createOutlineDictFactory.ts","statementMap":{"0":{"start":{"line":1,"column":0},"end":{"line":1,"column":104}},"1":{"start":{"line":2,"column":0},"end":{"line":2,"column":0}},"2":{"start":{"line":3,"column":0},"end":{"line":3,"column":77}},"3":{"start":{"line":4,"column":0},"end":{"line":4,"column":101}},"4":{"start":{"line":5,"column":0},"end":{"line":5,"column":35}},"5":{"start":{"line":6,"column":0},"end":{"line":6,"column":38}},"6":{"start":{"line":7,"column":0},"end":{"line":7,"column":25}},"7":{"start":{"line":8,"column":0},"end":{"line":8,"column":12}},"8":{"start":{"line":9,"column":0},"end":{"line":9,"column":26}},"9":{"start":{"line":10,"column":0},"end":{"line":10,"column":25}},"10":{"start":{"line":11,"column":0},"end":{"line":11,"column":29}},"11":{"start":{"line":12,"column":0},"end":{"line":12,"column":9}},"12":{"start":{"line":13,"column":0},"end":{"line":13,"column":17}},"13":{"start":{"line":14,"column":0},"end":{"line":14,"column":42}},"14":{"start":{"line":15,"column":0},"end":{"line":15,"column":0}},"15":{"start":{"line":16,"column":0},"end":{"line":16,"column":66}},"16":{"start":{"line":17,"column":0},"end":{"line":17,"column":58}},"17":{"start":{"line":18,"column":0},"end":{"line":18,"column":56}},"18":{"start":{"line":19,"column":0},"end":{"line":19,"column":58}},"19":{"start":{"line":20,"column":0},"end":{"line":20,"column":0}},"20":{"start":{"line":21,"column":0},"end":{"line":21,"column":72}},"21":{"start":{"line":22,"column":0},"end":{"line":22,"column":6}},"22":{"start":{"line":23,"column":0},"end":{"line":23,"column":1}}},"s":{"0":1,"1":1,"2":1,"3":4,"4":4,"5":4,"6":1,"7":1,"8":1,"9":1,"10":1,"11":1,"12":1,"13":1,"14":1,"15":1,"16":1,"17":1,"18":1,"19":1,"20":1,"21":4,"22":4},"branchMap":{"0":{"type":"branch","line":23,"loc":{"start":{"line":23,"column":1},"end":{"line":23,"column":1}},"locations":[{"start":{"line":23,"column":1},"end":{"line":23,"column":1}}]},"1":{"type":"branch","line":23,"loc":{"start":{"line":23,"column":1},"end":{"line":23,"column":1}},"locations":[{"start":{"line":23,"column":1},"end":{"line":23,"column":1}}]},"2":{"type":"branch","line":4,"loc":{"start":{"line":4,"column":0},"end":{"line":23,"column":1}},"locations":[{"start":{"line":4,"column":0},"end":{"line":23,"column":1}}]},"3":{"type":"branch","line":6,"loc":{"start":{"line":6,"column":11},"end":{"line":22,"column":5}},"locations":[{"start":{"line":6,"column":11},"end":{"line":22,"column":5}}]}},"b":{"0":[1],"1":[1],"2":[4],"3":[1]},"fnMap":{"0":{"name":"Object.<anonymous>","decl":{"start":{"line":23,"column":1},"end":{"line":23,"column":1}},"loc":{"start":{"line":23,"column":1},"end":{"line":23,"column":1}},"line":23},"1":{"name":"createOutlineDictFactory","decl":{"start":{"line":4,"column":0},"end":{"line":23,"column":1}},"loc":{"start":{"line":4,"column":0},"end":{"line":23,"column":1}},"line":4},"2":{"name":"createOutlineDict","decl":{"start":{"line":6,"column":11},"end":{"line":22,"column":5}},"loc":{"start":{"line":6,"column":11},"end":{"line":22,"column":5}},"line":6}},"f":{"0":1,"1":4,"2":1}}
,"/home/lillallol/Desktop/programming/A_web_related/projects/npm/outline-pdf/src/outlinePdf/createOutlineNodeFactory.ts": {"path":"/home/lillallol/Desktop/programming/A_web_related/projects/npm/outline-pdf/src/outlinePdf/createOutlineNodeFactory.ts","statementMap":{"0":{"start":{"line":1,"column":0},"end":{"line":1,"column":13}},"1":{"start":{"line":2,"column":0},"end":{"line":2,"column":16}},"2":{"start":{"line":3,"column":0},"end":{"line":3,"column":14}},"3":{"start":{"line":4,"column":0},"end":{"line":4,"column":11}},"4":{"start":{"line":5,"column":0},"end":{"line":5,"column":14}},"5":{"start":{"line":6,"column":0},"end":{"line":6,"column":13}},"6":{"start":{"line":7,"column":0},"end":{"line":7,"column":24}},"7":{"start":{"line":8,"column":0},"end":{"line":8,"column":24}},"8":{"start":{"line":9,"column":0},"end":{"line":9,"column":17}},"9":{"start":{"line":10,"column":0},"end":{"line":10,"column":0}},"10":{"start":{"line":11,"column":0},"end":{"line":11,"column":77}},"11":{"start":{"line":12,"column":0},"end":{"line":12,"column":101}},"12":{"start":{"line":13,"column":0},"end":{"line":13,"column":35}},"13":{"start":{"line":14,"column":0},"end":{"line":14,"column":38}},"14":{"start":{"line":15,"column":0},"end":{"line":15,"column":25}},"15":{"start":{"line":16,"column":0},"end":{"line":16,"column":12}},"16":{"start":{"line":17,"column":0},"end":{"line":17,"column":29}},"17":{"start":{"line":18,"column":0},"end":{"line":18,"column":27}},"18":{"start":{"line":19,"column":0},"end":{"line":19,"column":26}},"19":{"start":{"line":20,"column":0},"end":{"line":20,"column":26}},"20":{"start":{"line":21,"column":0},"end":{"line":21,"column":27}},"21":{"start":{"line":22,"column":0},"end":{"line":22,"column":26}},"22":{"start":{"line":23,"column":0},"end":{"line":23,"column":30}},"23":{"start":{"line":24,"column":0},"end":{"line":24,"column":27}},"24":{"start":{"line":25,"column":0},"end":{"line":25,"column":9}},"25":{"start":{"line":26,"column":0},"end":{"line":26,"column":17}},"26":{"start":{"line":27,"column":0},"end":{"line":27,"column":30}},"27":{"start":{"line":28,"column":0},"end":{"line":28,"column":0}},"28":{"start":{"line":29,"column":0},"end":{"line":29,"column":40}},"29":{"start":{"line":30,"column":0},"end":{"line":30,"column":42}},"30":{"start":{"line":31,"column":0},"end":{"line":31,"column":70}},"31":{"start":{"line":32,"column":0},"end":{"line":32,"column":70}},"32":{"start":{"line":33,"column":0},"end":{"line":33,"column":73}},"33":{"start":{"line":34,"column":0},"end":{"line":34,"column":70}},"34":{"start":{"line":35,"column":0},"end":{"line":35,"column":73}},"35":{"start":{"line":36,"column":0},"end":{"line":36,"column":44}},"36":{"start":{"line":37,"column":0},"end":{"line":37,"column":0}},"37":{"start":{"line":38,"column":0},"end":{"line":38,"column":60}},"38":{"start":{"line":39,"column":0},"end":{"line":39,"column":6}},"39":{"start":{"line":40,"column":0},"end":{"line":40,"column":1}}},"s":{"0":1,"1":1,"2":1,"3":1,"4":1,"5":1,"6":1,"7":1,"8":1,"9":1,"10":1,"11":4,"12":4,"13":4,"14":7,"15":7,"16":7,"17":7,"18":7,"19":7,"20":7,"21":7,"22":7,"23":7,"24":7,"25":7,"26":7,"27":7,"28":7,"29":7,"30":7,"31":7,"32":7,"33":7,"34":7,"35":7,"36":7,"37":7,"38":4,"39":4},"branchMap":{"0":{"type":"branch","line":40,"loc":{"start":{"line":40,"column":1},"end":{"line":40,"column":1}},"locations":[{"start":{"line":40,"column":1},"end":{"line":40,"column":1}}]},"1":{"type":"branch","line":40,"loc":{"start":{"line":40,"column":1},"end":{"line":40,"column":1}},"locations":[{"start":{"line":40,"column":1},"end":{"line":40,"column":1}}]},"2":{"type":"branch","line":12,"loc":{"start":{"line":12,"column":0},"end":{"line":40,"column":1}},"locations":[{"start":{"line":12,"column":0},"end":{"line":40,"column":1}}]},"3":{"type":"branch","line":14,"loc":{"start":{"line":14,"column":11},"end":{"line":39,"column":5}},"locations":[{"start":{"line":14,"column":11},"end":{"line":39,"column":5}}]},"4":{"type":"branch","line":31,"loc":{"start":{"line":31,"column":34},"end":{"line":31,"column":70}},"locations":[{"start":{"line":31,"column":34},"end":{"line":31,"column":70}}]},"5":{"type":"branch","line":32,"loc":{"start":{"line":32,"column":34},"end":{"line":32,"column":70}},"locations":[{"start":{"line":32,"column":34},"end":{"line":32,"column":70}}]},"6":{"type":"branch","line":33,"loc":{"start":{"line":33,"column":35},"end":{"line":33,"column":73}},"locations":[{"start":{"line":33,"column":35},"end":{"line":33,"column":73}}]},"7":{"type":"branch","line":34,"loc":{"start":{"line":34,"column":34},"end":{"line":34,"column":70}},"locations":[{"start":{"line":34,"column":34},"end":{"line":34,"column":70}}]},"8":{"type":"branch","line":35,"loc":{"start":{"line":35,"column":35},"end":{"line":35,"column":73}},"locations":[{"start":{"line":35,"column":35},"end":{"line":35,"column":73}}]}},"b":{"0":[1],"1":[1],"2":[4],"3":[7],"4":[3],"5":[3],"6":[3],"7":[3],"8":[3]},"fnMap":{"0":{"name":"Object.<anonymous>","decl":{"start":{"line":40,"column":1},"end":{"line":40,"column":1}},"loc":{"start":{"line":40,"column":1},"end":{"line":40,"column":1}},"line":40},"1":{"name":"createOutlineNodeFactory","decl":{"start":{"line":12,"column":0},"end":{"line":40,"column":1}},"loc":{"start":{"line":12,"column":0},"end":{"line":40,"column":1}},"line":12},"2":{"name":"createOutlineNode","decl":{"start":{"line":14,"column":11},"end":{"line":39,"column":5}},"loc":{"start":{"line":14,"column":11},"end":{"line":39,"column":5}},"line":14}},"f":{"0":1,"1":4,"2":7}}
,"/home/lillallol/Desktop/programming/A_web_related/projects/npm/outline-pdf/src/outlinePdf/getPageRefsFactory.ts": {"path":"/home/lillallol/Desktop/programming/A_web_related/projects/npm/outline-pdf/src/outlinePdf/getPageRefsFactory.ts","statementMap":{"0":{"start":{"line":1,"column":0},"end":{"line":1,"column":80}},"1":{"start":{"line":2,"column":0},"end":{"line":2,"column":0}},"2":{"start":{"line":3,"column":0},"end":{"line":3,"column":77}},"3":{"start":{"line":4,"column":0},"end":{"line":4,"column":77}},"4":{"start":{"line":5,"column":0},"end":{"line":5,"column":30}},"5":{"start":{"line":6,"column":0},"end":{"line":6,"column":64}},"6":{"start":{"line":7,"column":0},"end":{"line":7,"column":34}},"7":{"start":{"line":8,"column":0},"end":{"line":8,"column":55}},"8":{"start":{"line":9,"column":0},"end":{"line":9,"column":59}},"9":{"start":{"line":10,"column":0},"end":{"line":10,"column":11}},"10":{"start":{"line":11,"column":0},"end":{"line":11,"column":20}},"11":{"start":{"line":12,"column":0},"end":{"line":12,"column":6}},"12":{"start":{"line":13,"column":0},"end":{"line":13,"column":1}}},"s":{"0":1,"1":1,"2":1,"3":4,"4":4,"5":4,"6":1,"7":1,"8":7,"9":1,"10":1,"11":4,"12":4},"branchMap":{"0":{"type":"branch","line":13,"loc":{"start":{"line":13,"column":1},"end":{"line":13,"column":1}},"locations":[{"start":{"line":13,"column":1},"end":{"line":13,"column":1}}]},"1":{"type":"branch","line":13,"loc":{"start":{"line":13,"column":1},"end":{"line":13,"column":1}},"locations":[{"start":{"line":13,"column":1},"end":{"line":13,"column":1}}]},"2":{"type":"branch","line":4,"loc":{"start":{"line":4,"column":0},"end":{"line":13,"column":1}},"locations":[{"start":{"line":4,"column":0},"end":{"line":13,"column":1}}]},"3":{"type":"branch","line":6,"loc":{"start":{"line":6,"column":11},"end":{"line":12,"column":5}},"locations":[{"start":{"line":6,"column":11},"end":{"line":12,"column":5}}]},"4":{"type":"branch","line":8,"loc":{"start":{"line":8,"column":40},"end":{"line":10,"column":9}},"locations":[{"start":{"line":8,"column":40},"end":{"line":10,"column":9}}]}},"b":{"0":[1],"1":[1],"2":[4],"3":[1],"4":[7]},"fnMap":{"0":{"name":"Object.<anonymous>","decl":{"start":{"line":13,"column":1},"end":{"line":13,"column":1}},"loc":{"start":{"line":13,"column":1},"end":{"line":13,"column":1}},"line":13},"1":{"name":"getPageRefsFactory","decl":{"start":{"line":4,"column":0},"end":{"line":13,"column":1}},"loc":{"start":{"line":4,"column":0},"end":{"line":13,"column":1}},"line":4},"2":{"name":"getPageRefs","decl":{"start":{"line":6,"column":11},"end":{"line":12,"column":5}},"loc":{"start":{"line":6,"column":11},"end":{"line":12,"column":5}},"line":6}},"f":{"0":1,"1":4,"2":1}}
,"/home/lillallol/Desktop/programming/A_web_related/projects/npm/outline-pdf/src/outlinePdf/printedToOutline.ts": {"path":"/home/lillallol/Desktop/programming/A_web_related/projects/npm/outline-pdf/src/outlinePdf/printedToOutline.ts","statementMap":{"0":{"start":{"line":1,"column":0},"end":{"line":1,"column":50}},"1":{"start":{"line":2,"column":0},"end":{"line":2,"column":0}},"2":{"start":{"line":3,"column":0},"end":{"line":3,"column":3}},"3":{"start":{"line":4,"column":0},"end":{"line":4,"column":94}},"4":{"start":{"line":5,"column":0},"end":{"line":5,"column":63}},"5":{"start":{"line":6,"column":0},"end":{"line":6,"column":11}},"6":{"start":{"line":7,"column":0},"end":{"line":7,"column":10}},"7":{"start":{"line":8,"column":0},"end":{"line":8,"column":21}},"8":{"start":{"line":9,"column":0},"end":{"line":9,"column":16}},"9":{"start":{"line":10,"column":0},"end":{"line":10,"column":18}},"10":{"start":{"line":11,"column":0},"end":{"line":11,"column":18}},"11":{"start":{"line":12,"column":0},"end":{"line":12,"column":22}},"12":{"start":{"line":13,"column":0},"end":{"line":13,"column":18}},"13":{"start":{"line":14,"column":0},"end":{"line":14,"column":15}},"14":{"start":{"line":15,"column":0},"end":{"line":15,"column":7}},"15":{"start":{"line":16,"column":0},"end":{"line":16,"column":11}},"16":{"start":{"line":17,"column":0},"end":{"line":17,"column":4}},"17":{"start":{"line":18,"column":0},"end":{"line":18,"column":92}},"18":{"start":{"line":19,"column":0},"end":{"line":19,"column":95}},"19":{"start":{"line":20,"column":0},"end":{"line":20,"column":95}},"20":{"start":{"line":21,"column":0},"end":{"line":21,"column":102}},"21":{"start":{"line":22,"column":0},"end":{"line":22,"column":95}},"22":{"start":{"line":23,"column":0},"end":{"line":23,"column":90}},"23":{"start":{"line":24,"column":0},"end":{"line":24,"column":4}},"24":{"start":{"line":25,"column":0},"end":{"line":25,"column":3}},"25":{"start":{"line":26,"column":0},"end":{"line":26,"column":94}},"26":{"start":{"line":27,"column":0},"end":{"line":27,"column":77}},"27":{"start":{"line":28,"column":0},"end":{"line":28,"column":0}},"28":{"start":{"line":29,"column":0},"end":{"line":29,"column":31}},"29":{"start":{"line":30,"column":0},"end":{"line":30,"column":43}},"30":{"start":{"line":31,"column":0},"end":{"line":31,"column":15}},"31":{"start":{"line":32,"column":0},"end":{"line":32,"column":20}},"32":{"start":{"line":33,"column":0},"end":{"line":33,"column":36}},"33":{"start":{"line":34,"column":0},"end":{"line":34,"column":46}},"34":{"start":{"line":35,"column":0},"end":{"line":35,"column":57}},"35":{"start":{"line":36,"column":0},"end":{"line":36,"column":66}},"36":{"start":{"line":37,"column":0},"end":{"line":37,"column":85}},"37":{"start":{"line":38,"column":0},"end":{"line":38,"column":0}},"38":{"start":{"line":39,"column":0},"end":{"line":39,"column":48}},"39":{"start":{"line":40,"column":0},"end":{"line":40,"column":55}},"40":{"start":{"line":41,"column":0},"end":{"line":41,"column":39}},"41":{"start":{"line":42,"column":0},"end":{"line":42,"column":32}},"42":{"start":{"line":43,"column":0},"end":{"line":43,"column":47}},"43":{"start":{"line":44,"column":0},"end":{"line":44,"column":27}},"44":{"start":{"line":45,"column":0},"end":{"line":45,"column":14}},"45":{"start":{"line":46,"column":0},"end":{"line":46,"column":111}},"46":{"start":{"line":47,"column":0},"end":{"line":47,"column":61}},"47":{"start":{"line":48,"column":0},"end":{"line":48,"column":104}},"48":{"start":{"line":49,"column":0},"end":{"line":49,"column":0}},"49":{"start":{"line":50,"column":0},"end":{"line":50,"column":114}},"50":{"start":{"line":51,"column":0},"end":{"line":51,"column":26}},"51":{"start":{"line":52,"column":0},"end":{"line":52,"column":66}},"52":{"start":{"line":53,"column":0},"end":{"line":53,"column":105}},"53":{"start":{"line":54,"column":0},"end":{"line":54,"column":17}},"54":{"start":{"line":55,"column":0},"end":{"line":55,"column":0}},"55":{"start":{"line":56,"column":0},"end":{"line":56,"column":68}},"56":{"start":{"line":57,"column":0},"end":{"line":57,"column":108}},"57":{"start":{"line":58,"column":0},"end":{"line":58,"column":17}},"58":{"start":{"line":59,"column":0},"end":{"line":59,"column":0}},"59":{"start":{"line":60,"column":0},"end":{"line":60,"column":80}},"60":{"start":{"line":61,"column":0},"end":{"line":61,"column":94}},"61":{"start":{"line":62,"column":0},"end":{"line":62,"column":17}},"62":{"start":{"line":63,"column":0},"end":{"line":63,"column":13}},"63":{"start":{"line":64,"column":0},"end":{"line":64,"column":0}},"64":{"start":{"line":65,"column":0},"end":{"line":65,"column":36}},"65":{"start":{"line":66,"column":0},"end":{"line":66,"column":32}},"66":{"start":{"line":67,"column":0},"end":{"line":67,"column":11}},"67":{"start":{"line":68,"column":0},"end":{"line":68,"column":0}},"68":{"start":{"line":69,"column":0},"end":{"line":69,"column":20}},"69":{"start":{"line":70,"column":0},"end":{"line":70,"column":1}},"70":{"start":{"line":71,"column":0},"end":{"line":71,"column":0}},"71":{"start":{"line":72,"column":0},"end":{"line":72,"column":31}},"72":{"start":{"line":73,"column":0},"end":{"line":73,"column":49}},"73":{"start":{"line":74,"column":0},"end":{"line":74,"column":73}},"74":{"start":{"line":75,"column":0},"end":{"line":75,"column":9}},"75":{"start":{"line":76,"column":0},"end":{"line":76,"column":64}},"76":{"start":{"line":77,"column":0},"end":{"line":77,"column":10}},"77":{"start":{"line":78,"column":0},"end":{"line":78,"column":10}},"78":{"start":{"line":79,"column":0},"end":{"line":79,"column":9}},"79":{"start":{"line":80,"column":0},"end":{"line":80,"column":116}},"80":{"start":{"line":81,"column":0},"end":{"line":81,"column":77}},"81":{"start":{"line":82,"column":0},"end":{"line":82,"column":93}},"82":{"start":{"line":83,"column":0},"end":{"line":83,"column":82}},"83":{"start":{"line":84,"column":0},"end":{"line":84,"column":90}},"84":{"start":{"line":85,"column":0},"end":{"line":85,"column":76}},"85":{"start":{"line":86,"column":0},"end":{"line":86,"column":9}},"86":{"start":{"line":87,"column":0},"end":{"line":87,"column":38}},"87":{"start":{"line":88,"column":0},"end":{"line":88,"column":11}},"88":{"start":{"line":89,"column":0},"end":{"line":89,"column":11}},"89":{"start":{"line":90,"column":0},"end":{"line":90,"column":9}},"90":{"start":{"line":91,"column":0},"end":{"line":91,"column":61}},"91":{"start":{"line":92,"column":0},"end":{"line":92,"column":116}},"92":{"start":{"line":93,"column":0},"end":{"line":93,"column":2}}},"s":{"0":1,"1":1,"2":1,"3":1,"4":1,"5":1,"6":1,"7":1,"8":1,"9":1,"10":1,"11":1,"12":1,"13":1,"14":1,"15":1,"16":1,"17":1,"18":1,"19":1,"20":1,"21":1,"22":1,"23":1,"24":1,"25":12,"26":12,"27":11,"28":11,"29":11,"30":11,"31":11,"32":11,"33":35,"34":35,"35":35,"36":35,"37":34,"38":34,"39":34,"40":34,"41":34,"42":34,"43":34,"44":34,"45":35,"46":33,"47":35,"48":32,"49":35,"50":35,"51":22,"52":1,"53":1,"54":21,"55":22,"56":1,"57":1,"58":20,"59":22,"60":1,"61":1,"62":22,"63":28,"64":28,"65":28,"66":11,"67":11,"68":11,"69":11,"70":1,"71":1,"72":1,"73":1,"74":2,"75":2,"76":2,"77":2,"78":1,"79":1,"80":1,"81":1,"82":1,"83":1,"84":1,"85":2,"86":2,"87":2,"88":2,"89":1,"90":1,"91":1,"92":1},"branchMap":{"0":{"type":"branch","line":93,"loc":{"start":{"line":93,"column":2},"end":{"line":93,"column":2}},"locations":[{"start":{"line":93,"column":2},"end":{"line":93,"column":2}}]},"1":{"type":"branch","line":93,"loc":{"start":{"line":93,"column":2},"end":{"line":93,"column":2}},"locations":[{"start":{"line":93,"column":2},"end":{"line":93,"column":2}}]},"2":{"type":"branch","line":26,"loc":{"start":{"line":26,"column":0},"end":{"line":70,"column":1}},"locations":[{"start":{"line":26,"column":0},"end":{"line":70,"column":1}}]},"3":{"type":"branch","line":27,"loc":{"start":{"line":27,"column":36},"end":{"line":27,"column":77}},"locations":[{"start":{"line":27,"column":36},"end":{"line":27,"column":77}}]},"4":{"type":"branch","line":27,"loc":{"start":{"line":27,"column":77},"end":{"line":70,"column":1}},"locations":[{"start":{"line":27,"column":77},"end":{"line":70,"column":1}}]},"5":{"type":"branch","line":33,"loc":{"start":{"line":33,"column":13},"end":{"line":67,"column":9}},"locations":[{"start":{"line":33,"column":13},"end":{"line":67,"column":9}}]},"6":{"type":"branch","line":37,"loc":{"start":{"line":37,"column":32},"end":{"line":37,"column":85}},"locations":[{"start":{"line":37,"column":32},"end":{"line":37,"column":85}}]},"7":{"type":"branch","line":37,"loc":{"start":{"line":37,"column":85},"end":{"line":46,"column":53}},"locations":[{"start":{"line":37,"column":85},"end":{"line":46,"column":53}}]},"8":{"type":"branch","line":46,"loc":{"start":{"line":46,"column":47},"end":{"line":46,"column":111}},"locations":[{"start":{"line":46,"column":47},"end":{"line":46,"column":111}}]},"9":{"type":"branch","line":46,"loc":{"start":{"line":46,"column":111},"end":{"line":48,"column":22}},"locations":[{"start":{"line":46,"column":111},"end":{"line":48,"column":22}}]},"10":{"type":"branch","line":48,"loc":{"start":{"line":48,"column":16},"end":{"line":48,"column":104}},"locations":[{"start":{"line":48,"column":16},"end":{"line":48,"column":104}}]},"11":{"type":"branch","line":48,"loc":{"start":{"line":48,"column":104},"end":{"line":50,"column":27}},"locations":[{"start":{"line":48,"column":104},"end":{"line":50,"column":27}}]},"12":{"type":"branch","line":50,"loc":{"start":{"line":50,"column":23},"end":{"line":50,"column":51}},"locations":[{"start":{"line":50,"column":23},"end":{"line":50,"column":51}}]},"13":{"type":"branch","line":50,"loc":{"start":{"line":50,"column":53},"end":{"line":50,"column":114}},"locations":[{"start":{"line":50,"column":53},"end":{"line":50,"column":114}}]},"14":{"type":"branch","line":50,"loc":{"start":{"line":50,"column":114},"end":{"line":51,"column":25}},"locations":[{"start":{"line":50,"column":114},"end":{"line":51,"column":25}}]},"15":{"type":"branch","line":51,"loc":{"start":{"line":51,"column":25},"end":{"line":63,"column":13}},"locations":[{"start":{"line":51,"column":25},"end":{"line":63,"column":13}}]},"16":{"type":"branch","line":52,"loc":{"start":{"line":52,"column":65},"end":{"line":54,"column":17}},"locations":[{"start":{"line":52,"column":65},"end":{"line":54,"column":17}}]},"17":{"type":"branch","line":54,"loc":{"start":{"line":54,"column":17},"end":{"line":56,"column":67}},"locations":[{"start":{"line":54,"column":17},"end":{"line":56,"column":67}}]},"18":{"type":"branch","line":56,"loc":{"start":{"line":56,"column":67},"end":{"line":58,"column":17}},"locations":[{"start":{"line":56,"column":67},"end":{"line":58,"column":17}}]},"19":{"type":"branch","line":58,"loc":{"start":{"line":58,"column":17},"end":{"line":60,"column":41}},"locations":[{"start":{"line":58,"column":17},"end":{"line":60,"column":41}}]},"20":{"type":"branch","line":60,"loc":{"start":{"line":60,"column":37},"end":{"line":60,"column":77}},"locations":[{"start":{"line":60,"column":37},"end":{"line":60,"column":77}}]},"21":{"type":"branch","line":60,"loc":{"start":{"line":60,"column":79},"end":{"line":62,"column":17}},"locations":[{"start":{"line":60,"column":79},"end":{"line":62,"column":17}}]},"22":{"type":"branch","line":63,"loc":{"start":{"line":63,"column":13},"end":{"line":67,"column":9}},"locations":[{"start":{"line":63,"column":13},"end":{"line":67,"column":9}}]},"23":{"type":"branch","line":74,"loc":{"start":{"line":74,"column":28},"end":{"line":79,"column":8}},"locations":[{"start":{"line":74,"column":28},"end":{"line":79,"column":8}}]},"24":{"type":"branch","line":80,"loc":{"start":{"line":80,"column":35},"end":{"line":80,"column":115}},"locations":[{"start":{"line":80,"column":35},"end":{"line":80,"column":115}}]},"25":{"type":"branch","line":81,"loc":{"start":{"line":81,"column":39},"end":{"line":82,"column":92}},"locations":[{"start":{"line":81,"column":39},"end":{"line":82,"column":92}}]},"26":{"type":"branch","line":84,"loc":{"start":{"line":84,"column":24},"end":{"line":84,"column":89}},"locations":[{"start":{"line":84,"column":24},"end":{"line":84,"column":89}}]},"27":{"type":"branch","line":85,"loc":{"start":{"line":85,"column":31},"end":{"line":90,"column":8}},"locations":[{"start":{"line":85,"column":31},"end":{"line":90,"column":8}}]},"28":{"type":"branch","line":91,"loc":{"start":{"line":91,"column":36},"end":{"line":92,"column":115}},"locations":[{"start":{"line":91,"column":36},"end":{"line":92,"column":115}}]}},"b":{"0":[1],"1":[1],"2":[12],"3":[1],"4":[11],"5":[35],"6":[1],"7":[34],"8":[1],"9":[33],"10":[1],"11":[32],"12":[10],"13":[1],"14":[31],"15":[22],"16":[1],"17":[21],"18":[1],"19":[20],"20":[3],"21":[1],"22":[28],"23":[2],"24":[2],"25":[2],"26":[2],"27":[2],"28":[2]},"fnMap":{"0":{"name":"Object.<anonymous>","decl":{"start":{"line":93,"column":2},"end":{"line":93,"column":2}},"loc":{"start":{"line":93,"column":2},"end":{"line":93,"column":2}},"line":93},"1":{"name":"printedToOutline","decl":{"start":{"line":26,"column":0},"end":{"line":70,"column":1}},"loc":{"start":{"line":26,"column":0},"end":{"line":70,"column":1}},"line":26},"2":{"name":"wrongDepthDisplacement","decl":{"start":{"line":74,"column":28},"end":{"line":79,"column":8}},"loc":{"start":{"line":74,"column":28},"end":{"line":79,"column":8}},"line":74},"3":{"name":"zeroPageInOutlineIsNotAllowed","decl":{"start":{"line":80,"column":35},"end":{"line":80,"column":115}},"loc":{"start":{"line":80,"column":35},"end":{"line":80,"column":115}},"line":80},"4":{"name":"pageNumberInOutlineExceedsMaximum","decl":{"start":{"line":81,"column":39},"end":{"line":82,"column":92}},"loc":{"start":{"line":81,"column":39},"end":{"line":82,"column":92}},"line":81},"5":{"name":"wrongPatternInLine","decl":{"start":{"line":84,"column":24},"end":{"line":84,"column":89}},"loc":{"start":{"line":84,"column":24},"end":{"line":84,"column":89}},"line":84},"6":{"name":"invalidDisplacementOfPage","decl":{"start":{"line":85,"column":31},"end":{"line":90,"column":8}},"loc":{"start":{"line":85,"column":31},"end":{"line":90,"column":8}},"line":85},"7":{"name":"nodeIsCollapsedWithoutChildren","decl":{"start":{"line":91,"column":36},"end":{"line":92,"column":115}},"loc":{"start":{"line":91,"column":36},"end":{"line":92,"column":115}},"line":91}},"f":{"0":1,"1":12,"2":2,"3":2,"4":2,"5":2,"6":2,"7":2}}
,"/home/lillallol/Desktop/programming/A_web_related/projects/npm/outline-pdf/src/outlinePdf/outlinePdf/outlinePdfFactory.ts": {"path":"/home/lillallol/Desktop/programming/A_web_related/projects/npm/outline-pdf/src/outlinePdf/outlinePdf/outlinePdfFactory.ts","statementMap":{"0":{"start":{"line":1,"column":0},"end":{"line":1,"column":13}},"1":{"start":{"line":2,"column":0},"end":{"line":2,"column":24}},"2":{"start":{"line":3,"column":0},"end":{"line":3,"column":24}},"3":{"start":{"line":4,"column":0},"end":{"line":4,"column":28}},"4":{"start":{"line":5,"column":0},"end":{"line":5,"column":22}},"5":{"start":{"line":6,"column":0},"end":{"line":6,"column":28}},"6":{"start":{"line":7,"column":0},"end":{"line":7,"column":26}},"7":{"start":{"line":8,"column":0},"end":{"line":8,"column":24}},"8":{"start":{"line":9,"column":0},"end":{"line":9,"column":32}},"9":{"start":{"line":10,"column":0},"end":{"line":10,"column":32}},"10":{"start":{"line":11,"column":0},"end":{"line":11,"column":17}},"11":{"start":{"line":12,"column":0},"end":{"line":12,"column":71}},"12":{"start":{"line":13,"column":0},"end":{"line":13,"column":71}},"13":{"start":{"line":14,"column":0},"end":{"line":14,"column":59}},"14":{"start":{"line":15,"column":0},"end":{"line":15,"column":0}},"15":{"start":{"line":16,"column":0},"end":{"line":16,"column":66}},"16":{"start":{"line":17,"column":0},"end":{"line":17,"column":55}},"17":{"start":{"line":18,"column":0},"end":{"line":18,"column":0}},"18":{"start":{"line":19,"column":0},"end":{"line":19,"column":27}},"19":{"start":{"line":20,"column":0},"end":{"line":20,"column":32}},"20":{"start":{"line":21,"column":0},"end":{"line":21,"column":22}},"21":{"start":{"line":22,"column":0},"end":{"line":22,"column":7}},"22":{"start":{"line":23,"column":0},"end":{"line":23,"column":43}},"23":{"start":{"line":24,"column":0},"end":{"line":24,"column":7}},"24":{"start":{"line":25,"column":0},"end":{"line":25,"column":34}},"25":{"start":{"line":26,"column":0},"end":{"line":26,"column":7}},"26":{"start":{"line":27,"column":0},"end":{"line":27,"column":43}},"27":{"start":{"line":28,"column":0},"end":{"line":28,"column":7}},"28":{"start":{"line":29,"column":0},"end":{"line":29,"column":41}},"29":{"start":{"line":30,"column":0},"end":{"line":30,"column":7}},"30":{"start":{"line":31,"column":0},"end":{"line":31,"column":59}},"31":{"start":{"line":32,"column":0},"end":{"line":32,"column":15}},"32":{"start":{"line":33,"column":0},"end":{"line":33,"column":37}},"33":{"start":{"line":34,"column":0},"end":{"line":34,"column":57}},"34":{"start":{"line":35,"column":0},"end":{"line":35,"column":39}},"35":{"start":{"line":36,"column":0},"end":{"line":36,"column":39}},"36":{"start":{"line":37,"column":0},"end":{"line":37,"column":8}},"37":{"start":{"line":38,"column":0},"end":{"line":38,"column":23}},"38":{"start":{"line":39,"column":0},"end":{"line":39,"column":24}},"39":{"start":{"line":40,"column":0},"end":{"line":40,"column":25}},"40":{"start":{"line":41,"column":0},"end":{"line":41,"column":26}},"41":{"start":{"line":42,"column":0},"end":{"line":42,"column":26}},"42":{"start":{"line":43,"column":0},"end":{"line":43,"column":25}},"43":{"start":{"line":44,"column":0},"end":{"line":44,"column":24}},"44":{"start":{"line":45,"column":0},"end":{"line":45,"column":23}},"45":{"start":{"line":46,"column":0},"end":{"line":46,"column":8}},"46":{"start":{"line":47,"column":0},"end":{"line":47,"column":7}},"47":{"start":{"line":48,"column":0},"end":{"line":48,"column":20}},"48":{"start":{"line":49,"column":0},"end":{"line":49,"column":7}},"49":{"start":{"line":50,"column":0},"end":{"line":50,"column":55}},"50":{"start":{"line":51,"column":0},"end":{"line":51,"column":7}},"51":{"start":{"line":52,"column":0},"end":{"line":52,"column":30}},"52":{"start":{"line":53,"column":0},"end":{"line":53,"column":2}},"53":{"start":{"line":54,"column":0},"end":{"line":54,"column":0}},"54":{"start":{"line":55,"column":0},"end":{"line":55,"column":38}},"55":{"start":{"line":56,"column":0},"end":{"line":56,"column":29}},"56":{"start":{"line":57,"column":0},"end":{"line":57,"column":29}},"57":{"start":{"line":58,"column":0},"end":{"line":58,"column":33}},"58":{"start":{"line":59,"column":0},"end":{"line":59,"column":27}},"59":{"start":{"line":60,"column":0},"end":{"line":60,"column":33}},"60":{"start":{"line":61,"column":0},"end":{"line":61,"column":31}},"61":{"start":{"line":62,"column":0},"end":{"line":62,"column":29}},"62":{"start":{"line":63,"column":0},"end":{"line":63,"column":37}},"63":{"start":{"line":64,"column":0},"end":{"line":64,"column":37}},"64":{"start":{"line":65,"column":0},"end":{"line":65,"column":17}},"65":{"start":{"line":66,"column":0},"end":{"line":66,"column":80}},"66":{"start":{"line":67,"column":0},"end":{"line":67,"column":0}},"67":{"start":{"line":68,"column":0},"end":{"line":68,"column":46}},"68":{"start":{"line":69,"column":0},"end":{"line":69,"column":58}},"69":{"start":{"line":70,"column":0},"end":{"line":70,"column":58}},"70":{"start":{"line":71,"column":0},"end":{"line":71,"column":0}},"71":{"start":{"line":72,"column":0},"end":{"line":72,"column":12}},"72":{"start":{"line":73,"column":0},"end":{"line":73,"column":32}},"73":{"start":{"line":74,"column":0},"end":{"line":74,"column":42}},"74":{"start":{"line":75,"column":0},"end":{"line":75,"column":91}},"75":{"start":{"line":76,"column":0},"end":{"line":76,"column":46}},"76":{"start":{"line":77,"column":0},"end":{"line":77,"column":10}},"77":{"start":{"line":78,"column":0},"end":{"line":78,"column":32}},"78":{"start":{"line":79,"column":0},"end":{"line":79,"column":64}},"79":{"start":{"line":80,"column":0},"end":{"line":80,"column":37}},"80":{"start":{"line":81,"column":0},"end":{"line":81,"column":10}},"81":{"start":{"line":82,"column":0},"end":{"line":82,"column":32}},"82":{"start":{"line":83,"column":0},"end":{"line":83,"column":30}},"83":{"start":{"line":84,"column":0},"end":{"line":84,"column":10}},"84":{"start":{"line":85,"column":0},"end":{"line":85,"column":31}},"85":{"start":{"line":86,"column":0},"end":{"line":86,"column":38}},"86":{"start":{"line":87,"column":0},"end":{"line":87,"column":90}},"87":{"start":{"line":88,"column":0},"end":{"line":88,"column":28}},"88":{"start":{"line":89,"column":0},"end":{"line":89,"column":10}},"89":{"start":{"line":90,"column":0},"end":{"line":90,"column":35}},"90":{"start":{"line":91,"column":0},"end":{"line":91,"column":70}},"91":{"start":{"line":92,"column":0},"end":{"line":92,"column":88}},"92":{"start":{"line":93,"column":0},"end":{"line":93,"column":61}},"93":{"start":{"line":94,"column":0},"end":{"line":94,"column":46}},"94":{"start":{"line":95,"column":0},"end":{"line":95,"column":76}},"95":{"start":{"line":96,"column":0},"end":{"line":96,"column":58}},"96":{"start":{"line":97,"column":0},"end":{"line":97,"column":104}},"97":{"start":{"line":98,"column":0},"end":{"line":98,"column":69}},"98":{"start":{"line":99,"column":0},"end":{"line":99,"column":0}},"99":{"start":{"line":100,"column":0},"end":{"line":100,"column":49}},"100":{"start":{"line":101,"column":0},"end":{"line":101,"column":47}},"101":{"start":{"line":102,"column":0},"end":{"line":102,"column":0}},"102":{"start":{"line":103,"column":0},"end":{"line":103,"column":35}},"103":{"start":{"line":104,"column":0},"end":{"line":104,"column":59}},"104":{"start":{"line":105,"column":0},"end":{"line":105,"column":15}},"105":{"start":{"line":106,"column":0},"end":{"line":106,"column":0}},"106":{"start":{"line":107,"column":0},"end":{"line":107,"column":53}},"107":{"start":{"line":108,"column":0},"end":{"line":108,"column":116}},"108":{"start":{"line":109,"column":0},"end":{"line":109,"column":0}},"109":{"start":{"line":110,"column":0},"end":{"line":110,"column":54}},"110":{"start":{"line":111,"column":0},"end":{"line":111,"column":102}},"111":{"start":{"line":112,"column":0},"end":{"line":112,"column":57}},"112":{"start":{"line":113,"column":0},"end":{"line":113,"column":47}},"113":{"start":{"line":114,"column":0},"end":{"line":114,"column":89}},"114":{"start":{"line":115,"column":0},"end":{"line":115,"column":47}},"115":{"start":{"line":116,"column":0},"end":{"line":116,"column":51}},"116":{"start":{"line":117,"column":0},"end":{"line":117,"column":23}},"117":{"start":{"line":118,"column":0},"end":{"line":118,"column":47}},"118":{"start":{"line":119,"column":0},"end":{"line":119,"column":51}},"119":{"start":{"line":120,"column":0},"end":{"line":120,"column":23}},"120":{"start":{"line":121,"column":0},"end":{"line":121,"column":81}},"121":{"start":{"line":122,"column":0},"end":{"line":122,"column":78}},"122":{"start":{"line":123,"column":0},"end":{"line":123,"column":79}},"123":{"start":{"line":124,"column":0},"end":{"line":124,"column":34}},"124":{"start":{"line":125,"column":0},"end":{"line":125,"column":83}},"125":{"start":{"line":126,"column":0},"end":{"line":126,"column":51}},"126":{"start":{"line":127,"column":0},"end":{"line":127,"column":54}},"127":{"start":{"line":128,"column":0},"end":{"line":128,"column":44}},"128":{"start":{"line":129,"column":0},"end":{"line":129,"column":44}},"129":{"start":{"line":130,"column":0},"end":{"line":130,"column":44}},"130":{"start":{"line":131,"column":0},"end":{"line":131,"column":37}},"131":{"start":{"line":132,"column":0},"end":{"line":132,"column":25}},"132":{"start":{"line":133,"column":0},"end":{"line":133,"column":19}},"133":{"start":{"line":134,"column":0},"end":{"line":134,"column":13}},"134":{"start":{"line":135,"column":0},"end":{"line":135,"column":0}},"135":{"start":{"line":136,"column":0},"end":{"line":136,"column":57}},"136":{"start":{"line":137,"column":0},"end":{"line":137,"column":38}},"137":{"start":{"line":138,"column":0},"end":{"line":138,"column":41}},"138":{"start":{"line":139,"column":0},"end":{"line":139,"column":57}},"139":{"start":{"line":140,"column":0},"end":{"line":140,"column":54}},"140":{"start":{"line":141,"column":0},"end":{"line":141,"column":15}},"141":{"start":{"line":142,"column":0},"end":{"line":142,"column":0}},"142":{"start":{"line":143,"column":0},"end":{"line":143,"column":95}},"143":{"start":{"line":144,"column":0},"end":{"line":144,"column":62}},"144":{"start":{"line":145,"column":0},"end":{"line":145,"column":0}},"145":{"start":{"line":146,"column":0},"end":{"line":146,"column":57}},"146":{"start":{"line":147,"column":0},"end":{"line":147,"column":40}},"147":{"start":{"line":148,"column":0},"end":{"line":148,"column":70}},"148":{"start":{"line":149,"column":0},"end":{"line":149,"column":15}},"149":{"start":{"line":150,"column":0},"end":{"line":150,"column":10}},"150":{"start":{"line":151,"column":0},"end":{"line":151,"column":6}},"151":{"start":{"line":152,"column":0},"end":{"line":152,"column":1}},"152":{"start":{"line":153,"column":0},"end":{"line":153,"column":0}},"153":{"start":{"line":154,"column":0},"end":{"line":154,"column":31}},"154":{"start":{"line":155,"column":0},"end":{"line":155,"column":52}},"155":{"start":{"line":156,"column":0},"end":{"line":156,"column":58}},"156":{"start":{"line":157,"column":0},"end":{"line":157,"column":64}},"157":{"start":{"line":158,"column":0},"end":{"line":158,"column":1}}},"s":{"0":1,"1":1,"2":1,"3":1,"4":1,"5":1,"6":1,"7":1,"8":1,"9":1,"10":1,"11":1,"12":1,"13":1,"14":1,"15":1,"16":1,"17":1,"18":1,"19":1,"20":1,"21":1,"22":1,"23":1,"24":1,"25":1,"26":1,"27":1,"28":1,"29":1,"30":1,"31":1,"32":1,"33":1,"34":1,"35":1,"36":1,"37":1,"38":1,"39":1,"40":1,"41":1,"42":1,"43":1,"44":1,"45":1,"46":1,"47":1,"48":1,"49":1,"50":1,"51":1,"52":1,"53":1,"54":4,"55":4,"56":4,"57":4,"58":4,"59":4,"60":4,"61":4,"62":4,"63":4,"64":4,"65":4,"66":4,"67":4,"68":4,"69":4,"70":4,"71":4,"72":4,"73":2,"74":2,"75":1,"76":4,"77":4,"78":2,"79":2,"80":4,"81":4,"82":2,"83":4,"84":4,"85":3,"86":3,"87":2,"88":4,"89":4,"90":2,"91":2,"92":1,"93":1,"94":1,"95":1,"96":1,"97":1,"98":1,"99":1,"100":1,"101":1,"102":1,"103":7,"104":1,"105":1,"106":1,"107":1,"108":1,"109":2,"110":7,"111":7,"112":7,"113":7,"114":7,"115":3,"116":7,"117":7,"118":3,"119":7,"120":7,"121":7,"122":7,"123":7,"124":7,"125":7,"126":7,"127":7,"128":7,"129":7,"130":7,"131":7,"132":7,"133":7,"134":7,"135":7,"136":7,"137":7,"138":7,"139":7,"140":7,"141":7,"142":7,"143":7,"144":7,"145":7,"146":7,"147":7,"148":7,"149":4,"150":4,"151":4,"152":1,"153":1,"154":1,"155":1,"156":1,"157":1},"branchMap":{"0":{"type":"branch","line":158,"loc":{"start":{"line":158,"column":1},"end":{"line":158,"column":1}},"locations":[{"start":{"line":158,"column":1},"end":{"line":158,"column":1}}]},"1":{"type":"branch","line":158,"loc":{"start":{"line":158,"column":1},"end":{"line":158,"column":1}},"locations":[{"start":{"line":158,"column":1},"end":{"line":158,"column":1}}]},"2":{"type":"branch","line":55,"loc":{"start":{"line":55,"column":0},"end":{"line":152,"column":1}},"locations":[{"start":{"line":55,"column":0},"end":{"line":152,"column":1}}]},"3":{"type":"branch","line":73,"loc":{"start":{"line":73,"column":8},"end":{"line":77,"column":9}},"locations":[{"start":{"line":73,"column":8},"end":{"line":77,"column":9}}]},"4":{"type":"branch","line":75,"loc":{"start":{"line":75,"column":44},"end":{"line":77,"column":9}},"locations":[{"start":{"line":75,"column":44},"end":{"line":77,"column":9}}]},"5":{"type":"branch","line":78,"loc":{"start":{"line":78,"column":8},"end":{"line":81,"column":9}},"locations":[{"start":{"line":78,"column":8},"end":{"line":81,"column":9}}]},"6":{"type":"branch","line":82,"loc":{"start":{"line":82,"column":8},"end":{"line":84,"column":9}},"locations":[{"start":{"line":82,"column":8},"end":{"line":84,"column":9}}]},"7":{"type":"branch","line":85,"loc":{"start":{"line":85,"column":8},"end":{"line":89,"column":9}},"locations":[{"start":{"line":85,"column":8},"end":{"line":89,"column":9}}]},"8":{"type":"branch","line":87,"loc":{"start":{"line":87,"column":40},"end":{"line":87,"column":90}},"locations":[{"start":{"line":87,"column":40},"end":{"line":87,"column":90}}]},"9":{"type":"branch","line":87,"loc":{"start":{"line":87,"column":90},"end":{"line":89,"column":9}},"locations":[{"start":{"line":87,"column":90},"end":{"line":89,"column":9}}]},"10":{"type":"branch","line":90,"loc":{"start":{"line":90,"column":8},"end":{"line":150,"column":9}},"locations":[{"start":{"line":90,"column":8},"end":{"line":150,"column":9}}]},"11":{"type":"branch","line":92,"loc":{"start":{"line":92,"column":35},"end":{"line":110,"column":53}},"locations":[{"start":{"line":92,"column":35},"end":{"line":110,"column":53}}]},"12":{"type":"branch","line":110,"loc":{"start":{"line":110,"column":53},"end":{"line":150,"column":9}},"locations":[{"start":{"line":110,"column":53},"end":{"line":150,"column":9}}]},"13":{"type":"branch","line":114,"loc":{"start":{"line":114,"column":55},"end":{"line":114,"column":79}},"locations":[{"start":{"line":114,"column":55},"end":{"line":114,"column":79}}]},"14":{"type":"branch","line":114,"loc":{"start":{"line":114,"column":80},"end":{"line":114,"column":88}},"locations":[{"start":{"line":114,"column":80},"end":{"line":114,"column":88}}]},"15":{"type":"branch","line":115,"loc":{"start":{"line":115,"column":42},"end":{"line":117,"column":22}},"locations":[{"start":{"line":115,"column":42},"end":{"line":117,"column":22}}]},"16":{"type":"branch","line":118,"loc":{"start":{"line":118,"column":42},"end":{"line":120,"column":22}},"locations":[{"start":{"line":118,"column":42},"end":{"line":120,"column":22}}]},"17":{"type":"branch","line":121,"loc":{"start":{"line":121,"column":43},"end":{"line":121,"column":79}},"locations":[{"start":{"line":121,"column":43},"end":{"line":121,"column":79}}]},"18":{"type":"branch","line":122,"loc":{"start":{"line":122,"column":42},"end":{"line":122,"column":76}},"locations":[{"start":{"line":122,"column":42},"end":{"line":122,"column":76}}]},"19":{"type":"branch","line":123,"loc":{"start":{"line":123,"column":43},"end":{"line":123,"column":77}},"locations":[{"start":{"line":123,"column":43},"end":{"line":123,"column":77}}]},"20":{"type":"branch","line":103,"loc":{"start":{"line":103,"column":28},"end":{"line":105,"column":13}},"locations":[{"start":{"line":103,"column":28},"end":{"line":105,"column":13}}]},"21":{"type":"branch","line":124,"loc":{"start":{"line":124,"column":27},"end":{"line":132,"column":21}},"locations":[{"start":{"line":124,"column":27},"end":{"line":132,"column":21}}]},"22":{"type":"branch","line":147,"loc":{"start":{"line":147,"column":28},"end":{"line":149,"column":13}},"locations":[{"start":{"line":147,"column":28},"end":{"line":149,"column":13}}]}},"b":{"0":[1],"1":[1],"2":[4],"3":[2],"4":[1],"5":[2],"6":[2],"7":[3],"8":[1],"9":[2],"10":[2],"11":[1],"12":[7],"13":[5],"14":[2],"15":[3],"16":[3],"17":[3],"18":[3],"19":[3],"20":[7],"21":[7],"22":[7]},"fnMap":{"0":{"name":"Object.<anonymous>","decl":{"start":{"line":158,"column":1},"end":{"line":158,"column":1}},"loc":{"start":{"line":158,"column":1},"end":{"line":158,"column":1}},"line":158},"1":{"name":"outlinePdfFactory","decl":{"start":{"line":55,"column":0},"end":{"line":152,"column":1}},"loc":{"start":{"line":55,"column":0},"end":{"line":152,"column":1}},"line":55},"2":{"name":"savePdf","decl":{"start":{"line":73,"column":8},"end":{"line":77,"column":9}},"loc":{"start":{"line":73,"column":8},"end":{"line":77,"column":9}},"line":73},"3":{"name":"loadPdf","decl":{"start":{"line":78,"column":8},"end":{"line":81,"column":9}},"loc":{"start":{"line":78,"column":8},"end":{"line":81,"column":9}},"line":78},"4":{"name":"set outline","decl":{"start":{"line":82,"column":8},"end":{"line":84,"column":9}},"loc":{"start":{"line":82,"column":8},"end":{"line":84,"column":9}},"line":82},"5":{"name":"get outline","decl":{"start":{"line":85,"column":8},"end":{"line":89,"column":9}},"loc":{"start":{"line":85,"column":8},"end":{"line":89,"column":9}},"line":85},"6":{"name":"applyOutlineToPdf","decl":{"start":{"line":90,"column":8},"end":{"line":150,"column":9}},"loc":{"start":{"line":90,"column":8},"end":{"line":150,"column":9}},"line":90}},"f":{"0":1,"1":4,"2":2,"3":2,"4":2,"5":3,"6":2}}
,"/home/lillallol/Desktop/programming/A_web_related/projects/npm/outline-pdf/src/outlinePdfCjs/rejectIfPathExistsFactory.ts": {"path":"/home/lillallol/Desktop/programming/A_web_related/projects/npm/outline-pdf/src/outlinePdfCjs/rejectIfPathExistsFactory.ts","statementMap":{"0":{"start":{"line":1,"column":0},"end":{"line":1,"column":53}},"1":{"start":{"line":2,"column":0},"end":{"line":2,"column":0}},"2":{"start":{"line":3,"column":0},"end":{"line":3,"column":3}},"3":{"start":{"line":4,"column":0},"end":{"line":4,"column":102}},"4":{"start":{"line":5,"column":0},"end":{"line":5,"column":49}},"5":{"start":{"line":6,"column":0},"end":{"line":6,"column":3}},"6":{"start":{"line":7,"column":0},"end":{"line":7,"column":89}},"7":{"start":{"line":8,"column":0},"end":{"line":8,"column":75}},"8":{"start":{"line":9,"column":0},"end":{"line":9,"column":52}},"9":{"start":{"line":10,"column":0},"end":{"line":10,"column":25}},"10":{"start":{"line":11,"column":0},"end":{"line":11,"column":29}},"11":{"start":{"line":12,"column":0},"end":{"line":12,"column":32}},"12":{"start":{"line":13,"column":0},"end":{"line":13,"column":67}},"13":{"start":{"line":14,"column":0},"end":{"line":14,"column":30}},"14":{"start":{"line":15,"column":0},"end":{"line":15,"column":6}},"15":{"start":{"line":16,"column":0},"end":{"line":16,"column":1}},"16":{"start":{"line":17,"column":0},"end":{"line":17,"column":0}},"17":{"start":{"line":18,"column":0},"end":{"line":18,"column":31}},"18":{"start":{"line":19,"column":0},"end":{"line":19,"column":40}},"19":{"start":{"line":20,"column":0},"end":{"line":20,"column":9}},"20":{"start":{"line":21,"column":0},"end":{"line":21,"column":73}},"21":{"start":{"line":22,"column":0},"end":{"line":22,"column":14}},"22":{"start":{"line":23,"column":0},"end":{"line":23,"column":2}}},"s":{"0":1,"1":1,"2":1,"3":1,"4":1,"5":1,"6":1,"7":1,"8":1,"9":1,"10":1,"11":1,"12":1,"13":1,"14":1,"15":1,"16":1,"17":1,"18":1,"19":2,"20":2,"21":1,"22":1},"branchMap":{"0":{"type":"branch","line":23,"loc":{"start":{"line":23,"column":2},"end":{"line":23,"column":2}},"locations":[{"start":{"line":23,"column":2},"end":{"line":23,"column":2}}]},"1":{"type":"branch","line":23,"loc":{"start":{"line":23,"column":2},"end":{"line":23,"column":2}},"locations":[{"start":{"line":23,"column":2},"end":{"line":23,"column":2}}]},"2":{"type":"branch","line":7,"loc":{"start":{"line":7,"column":0},"end":{"line":16,"column":1}},"locations":[{"start":{"line":7,"column":0},"end":{"line":16,"column":1}}]},"3":{"type":"branch","line":8,"loc":{"start":{"line":8,"column":11},"end":{"line":15,"column":5}},"locations":[{"start":{"line":8,"column":11},"end":{"line":15,"column":5}}]},"4":{"type":"branch","line":13,"loc":{"start":{"line":13,"column":23},"end":{"line":13,"column":67}},"locations":[{"start":{"line":13,"column":23},"end":{"line":13,"column":67}}]},"5":{"type":"branch","line":14,"loc":{"start":{"line":14,"column":30},"end":{"line":15,"column":5}},"locations":[{"start":{"line":14,"column":30},"end":{"line":15,"column":5}}]},"6":{"type":"branch","line":11,"loc":{"start":{"line":11,"column":18},"end":{"line":11,"column":28}},"locations":[{"start":{"line":11,"column":18},"end":{"line":11,"column":28}}]},"7":{"type":"branch","line":12,"loc":{"start":{"line":12,"column":19},"end":{"line":12,"column":30}},"locations":[{"start":{"line":12,"column":19},"end":{"line":12,"column":30}}]},"8":{"type":"branch","line":19,"loc":{"start":{"line":19,"column":15},"end":{"line":22,"column":13}},"locations":[{"start":{"line":19,"column":15},"end":{"line":22,"column":13}}]}},"b":{"0":[1],"1":[1],"2":[1],"3":[1],"4":[0],"5":[0],"6":[1],"7":[1],"8":[2]},"fnMap":{"0":{"name":"Object.<anonymous>","decl":{"start":{"line":23,"column":2},"end":{"line":23,"column":2}},"loc":{"start":{"line":23,"column":2},"end":{"line":23,"column":2}},"line":23},"1":{"name":"rejectIfPathExistsFactory","decl":{"start":{"line":7,"column":0},"end":{"line":16,"column":1}},"loc":{"start":{"line":7,"column":0},"end":{"line":16,"column":1}},"line":7},"2":{"name":"rejectIfPathExists","decl":{"start":{"line":8,"column":11},"end":{"line":15,"column":5}},"loc":{"start":{"line":8,"column":11},"end":{"line":15,"column":5}},"line":8},"3":{"name":"pathExist","decl":{"start":{"line":19,"column":15},"end":{"line":22,"column":13}},"loc":{"start":{"line":19,"column":15},"end":{"line":22,"column":13}},"line":19}},"f":{"0":1,"1":1,"2":1,"3":2}}
,"/home/lillallol/Desktop/programming/A_web_related/projects/npm/outline-pdf/src/outlinePdfCjs/throwIfPathDoesNotEndWithPdf.ts": {"path":"/home/lillallol/Desktop/programming/A_web_related/projects/npm/outline-pdf/src/outlinePdfCjs/throwIfPathDoesNotEndWithPdf.ts","statementMap":{"0":{"start":{"line":1,"column":0},"end":{"line":1,"column":3}},"1":{"start":{"line":2,"column":0},"end":{"line":2,"column":78}},"2":{"start":{"line":3,"column":0},"end":{"line":3,"column":2}},"3":{"start":{"line":4,"column":0},"end":{"line":4,"column":65}},"4":{"start":{"line":5,"column":0},"end":{"line":5,"column":86}},"5":{"start":{"line":6,"column":0},"end":{"line":6,"column":1}},"6":{"start":{"line":7,"column":0},"end":{"line":7,"column":0}},"7":{"start":{"line":8,"column":0},"end":{"line":8,"column":31}},"8":{"start":{"line":9,"column":0},"end":{"line":9,"column":102}},"9":{"start":{"line":10,"column":0},"end":{"line":10,"column":2}}},"s":{"0":1,"1":1,"2":1,"3":1,"4":1,"5":1,"6":1,"7":1,"8":1,"9":1},"branchMap":{"0":{"type":"branch","line":10,"loc":{"start":{"line":10,"column":2},"end":{"line":10,"column":2}},"locations":[{"start":{"line":10,"column":2},"end":{"line":10,"column":2}}]},"1":{"type":"branch","line":10,"loc":{"start":{"line":10,"column":2},"end":{"line":10,"column":2}},"locations":[{"start":{"line":10,"column":2},"end":{"line":10,"column":2}}]},"2":{"type":"branch","line":4,"loc":{"start":{"line":4,"column":0},"end":{"line":6,"column":1}},"locations":[{"start":{"line":4,"column":0},"end":{"line":6,"column":1}}]},"3":{"type":"branch","line":5,"loc":{"start":{"line":5,"column":30},"end":{"line":5,"column":86}},"locations":[{"start":{"line":5,"column":30},"end":{"line":5,"column":86}}]},"4":{"type":"branch","line":9,"loc":{"start":{"line":9,"column":27},"end":{"line":9,"column":101}},"locations":[{"start":{"line":9,"column":27},"end":{"line":9,"column":101}}]}},"b":{"0":[1],"1":[1],"2":[1],"3":[0],"4":[2]},"fnMap":{"0":{"name":"Object.<anonymous>","decl":{"start":{"line":10,"column":2},"end":{"line":10,"column":2}},"loc":{"start":{"line":10,"column":2},"end":{"line":10,"column":2}},"line":10},"1":{"name":"throwIfPathDoesNotEndWithPdf","decl":{"start":{"line":4,"column":0},"end":{"line":6,"column":1}},"loc":{"start":{"line":4,"column":0},"end":{"line":6,"column":1}},"line":4},"2":{"name":"pathDoesNotEndWithPdf","decl":{"start":{"line":9,"column":27},"end":{"line":9,"column":101}},"loc":{"start":{"line":9,"column":27},"end":{"line":9,"column":101}},"line":9}},"f":{"0":1,"1":1,"2":2}}
,"/home/lillallol/Desktop/programming/A_web_related/projects/npm/outline-pdf/src/outlinePdfCjs/outlinePdfCjs/outlinePdfCjsFactory.ts": {"path":"/home/lillallol/Desktop/programming/A_web_related/projects/npm/outline-pdf/src/outlinePdfCjs/outlinePdfCjs/outlinePdfCjsFactory.ts","statementMap":{"0":{"start":{"line":1,"column":0},"end":{"line":1,"column":89}},"1":{"start":{"line":2,"column":0},"end":{"line":2,"column":53}},"2":{"start":{"line":3,"column":0},"end":{"line":3,"column":0}},"3":{"start":{"line":4,"column":0},"end":{"line":4,"column":13}},"4":{"start":{"line":5,"column":0},"end":{"line":5,"column":32}},"5":{"start":{"line":6,"column":0},"end":{"line":6,"column":26}},"6":{"start":{"line":7,"column":0},"end":{"line":7,"column":24}},"7":{"start":{"line":8,"column":0},"end":{"line":8,"column":24}},"8":{"start":{"line":9,"column":0},"end":{"line":9,"column":24}},"9":{"start":{"line":10,"column":0},"end":{"line":10,"column":28}},"10":{"start":{"line":11,"column":0},"end":{"line":11,"column":32}},"11":{"start":{"line":12,"column":0},"end":{"line":12,"column":22}},"12":{"start":{"line":13,"column":0},"end":{"line":13,"column":28}},"13":{"start":{"line":14,"column":0},"end":{"line":14,"column":17}},"14":{"start":{"line":15,"column":0},"end":{"line":15,"column":0}},"15":{"start":{"line":16,"column":0},"end":{"line":16,"column":82}},"16":{"start":{"line":17,"column":0},"end":{"line":17,"column":73}},"17":{"start":{"line":18,"column":0},"end":{"line":18,"column":79}},"18":{"start":{"line":19,"column":0},"end":{"line":19,"column":0}},"19":{"start":{"line":20,"column":0},"end":{"line":20,"column":37}},"20":{"start":{"line":21,"column":0},"end":{"line":21,"column":9}},"21":{"start":{"line":22,"column":0},"end":{"line":22,"column":43}},"22":{"start":{"line":23,"column":0},"end":{"line":23,"column":45}},"23":{"start":{"line":24,"column":0},"end":{"line":24,"column":19}},"24":{"start":{"line":25,"column":0},"end":{"line":25,"column":35}},"25":{"start":{"line":26,"column":0},"end":{"line":26,"column":10}},"26":{"start":{"line":27,"column":0},"end":{"line":27,"column":6}},"27":{"start":{"line":28,"column":0},"end":{"line":28,"column":13}},"28":{"start":{"line":29,"column":0},"end":{"line":29,"column":41}},"29":{"start":{"line":30,"column":0},"end":{"line":30,"column":35}},"30":{"start":{"line":31,"column":0},"end":{"line":31,"column":33}},"31":{"start":{"line":32,"column":0},"end":{"line":32,"column":33}},"32":{"start":{"line":33,"column":0},"end":{"line":33,"column":33}},"33":{"start":{"line":34,"column":0},"end":{"line":34,"column":37}},"34":{"start":{"line":35,"column":0},"end":{"line":35,"column":41}},"35":{"start":{"line":36,"column":0},"end":{"line":36,"column":31}},"36":{"start":{"line":37,"column":0},"end":{"line":37,"column":37}},"37":{"start":{"line":38,"column":0},"end":{"line":38,"column":5}},"38":{"start":{"line":39,"column":0},"end":{"line":39,"column":3}},"39":{"start":{"line":40,"column":0},"end":{"line":40,"column":7}},"40":{"start":{"line":41,"column":0},"end":{"line":41,"column":56}},"41":{"start":{"line":42,"column":0},"end":{"line":42,"column":15}},"42":{"start":{"line":43,"column":0},"end":{"line":43,"column":21}},"43":{"start":{"line":44,"column":0},"end":{"line":44,"column":29}},"44":{"start":{"line":45,"column":0},"end":{"line":45,"column":75}},"45":{"start":{"line":46,"column":0},"end":{"line":46,"column":74}},"46":{"start":{"line":47,"column":0},"end":{"line":47,"column":45}},"47":{"start":{"line":48,"column":0},"end":{"line":48,"column":65}},"48":{"start":{"line":49,"column":0},"end":{"line":49,"column":47}},"49":{"start":{"line":50,"column":0},"end":{"line":50,"column":47}},"50":{"start":{"line":51,"column":0},"end":{"line":51,"column":25}},"51":{"start":{"line":52,"column":0},"end":{"line":52,"column":34}},"52":{"start":{"line":53,"column":0},"end":{"line":53,"column":35}},"53":{"start":{"line":54,"column":0},"end":{"line":54,"column":36}},"54":{"start":{"line":55,"column":0},"end":{"line":55,"column":37}},"55":{"start":{"line":56,"column":0},"end":{"line":56,"column":37}},"56":{"start":{"line":57,"column":0},"end":{"line":57,"column":36}},"57":{"start":{"line":58,"column":0},"end":{"line":58,"column":35}},"58":{"start":{"line":59,"column":0},"end":{"line":59,"column":34}},"59":{"start":{"line":60,"column":0},"end":{"line":60,"column":17}},"60":{"start":{"line":61,"column":0},"end":{"line":61,"column":14}},"61":{"start":{"line":62,"column":0},"end":{"line":62,"column":12}},"62":{"start":{"line":63,"column":0},"end":{"line":63,"column":7}},"63":{"start":{"line":64,"column":0},"end":{"line":64,"column":44}},"64":{"start":{"line":65,"column":0},"end":{"line":65,"column":11}},"65":{"start":{"line":66,"column":0},"end":{"line":66,"column":98}},"66":{"start":{"line":67,"column":0},"end":{"line":67,"column":11}},"67":{"start":{"line":68,"column":0},"end":{"line":68,"column":25}},"68":{"start":{"line":69,"column":0},"end":{"line":69,"column":11}},"69":{"start":{"line":70,"column":0},"end":{"line":70,"column":104}},"70":{"start":{"line":71,"column":0},"end":{"line":71,"column":11}},"71":{"start":{"line":72,"column":0},"end":{"line":72,"column":25}},"72":{"start":{"line":73,"column":0},"end":{"line":73,"column":11}},"73":{"start":{"line":74,"column":0},"end":{"line":74,"column":63}},"74":{"start":{"line":75,"column":0},"end":{"line":75,"column":19}},"75":{"start":{"line":76,"column":0},"end":{"line":76,"column":41}},"76":{"start":{"line":77,"column":0},"end":{"line":77,"column":61}},"77":{"start":{"line":78,"column":0},"end":{"line":78,"column":43}},"78":{"start":{"line":79,"column":0},"end":{"line":79,"column":43}},"79":{"start":{"line":80,"column":0},"end":{"line":80,"column":12}},"80":{"start":{"line":81,"column":0},"end":{"line":81,"column":27}},"81":{"start":{"line":82,"column":0},"end":{"line":82,"column":28}},"82":{"start":{"line":83,"column":0},"end":{"line":83,"column":29}},"83":{"start":{"line":84,"column":0},"end":{"line":84,"column":30}},"84":{"start":{"line":85,"column":0},"end":{"line":85,"column":30}},"85":{"start":{"line":86,"column":0},"end":{"line":86,"column":29}},"86":{"start":{"line":87,"column":0},"end":{"line":87,"column":28}},"87":{"start":{"line":88,"column":0},"end":{"line":88,"column":27}},"88":{"start":{"line":89,"column":0},"end":{"line":89,"column":12}},"89":{"start":{"line":90,"column":0},"end":{"line":90,"column":11}},"90":{"start":{"line":91,"column":0},"end":{"line":91,"column":24}},"91":{"start":{"line":92,"column":0},"end":{"line":92,"column":23}},"92":{"start":{"line":93,"column":0},"end":{"line":93,"column":50}},"93":{"start":{"line":94,"column":0},"end":{"line":94,"column":65}},"94":{"start":{"line":95,"column":0},"end":{"line":95,"column":47}},"95":{"start":{"line":96,"column":0},"end":{"line":96,"column":43}},"96":{"start":{"line":97,"column":0},"end":{"line":97,"column":0}},"97":{"start":{"line":98,"column":0},"end":{"line":98,"column":53}},"98":{"start":{"line":99,"column":0},"end":{"line":99,"column":0}},"99":{"start":{"line":100,"column":0},"end":{"line":100,"column":60}},"100":{"start":{"line":101,"column":0},"end":{"line":101,"column":37}},"101":{"start":{"line":102,"column":0},"end":{"line":102,"column":39}},"102":{"start":{"line":103,"column":0},"end":{"line":103,"column":47}},"103":{"start":{"line":104,"column":0},"end":{"line":104,"column":0}},"104":{"start":{"line":105,"column":0},"end":{"line":105,"column":40}},"105":{"start":{"line":106,"column":0},"end":{"line":106,"column":6}},"106":{"start":{"line":107,"column":0},"end":{"line":107,"column":1}}},"s":{"0":1,"1":1,"2":1,"3":1,"4":1,"5":1,"6":1,"7":1,"8":1,"9":1,"10":1,"11":1,"12":1,"13":1,"14":1,"15":1,"16":1,"17":1,"18":1,"19":1,"20":1,"21":1,"22":1,"23":1,"24":1,"25":1,"26":1,"27":1,"28":1,"29":1,"30":1,"31":1,"32":1,"33":1,"34":1,"35":1,"36":1,"37":1,"38":1,"39":1,"40":1,"41":1,"42":1,"43":1,"44":1,"45":1,"46":1,"47":1,"48":1,"49":1,"50":1,"51":1,"52":1,"53":1,"54":1,"55":1,"56":1,"57":1,"58":1,"59":1,"60":1,"61":1,"62":1,"63":1,"64":1,"65":1,"66":1,"67":1,"68":1,"69":1,"70":1,"71":1,"72":1,"73":1,"74":1,"75":1,"76":1,"77":1,"78":1,"79":1,"80":1,"81":1,"82":1,"83":1,"84":1,"85":1,"86":1,"87":1,"88":1,"89":1,"90":1,"91":1,"92":1,"93":1,"94":1,"95":1,"96":1,"97":1,"98":1,"99":1,"100":1,"101":1,"102":1,"103":1,"104":1,"105":1,"106":1},"branchMap":{"0":{"type":"branch","line":107,"loc":{"start":{"line":107,"column":1},"end":{"line":107,"column":1}},"locations":[{"start":{"line":107,"column":1},"end":{"line":107,"column":1}}]},"1":{"type":"branch","line":107,"loc":{"start":{"line":107,"column":1},"end":{"line":107,"column":1}},"locations":[{"start":{"line":107,"column":1},"end":{"line":107,"column":1}}]},"2":{"type":"branch","line":20,"loc":{"start":{"line":20,"column":0},"end":{"line":107,"column":1}},"locations":[{"start":{"line":20,"column":0},"end":{"line":107,"column":1}}]},"3":{"type":"branch","line":64,"loc":{"start":{"line":64,"column":11},"end":{"line":106,"column":5}},"locations":[{"start":{"line":64,"column":11},"end":{"line":106,"column":5}}]}},"b":{"0":[1],"1":[1],"2":[1],"3":[1]},"fnMap":{"0":{"name":"Object.<anonymous>","decl":{"start":{"line":107,"column":1},"end":{"line":107,"column":1}},"loc":{"start":{"line":107,"column":1},"end":{"line":107,"column":1}},"line":107},"1":{"name":"outlinePdfCjsFactory","decl":{"start":{"line":20,"column":0},"end":{"line":107,"column":1}},"loc":{"start":{"line":20,"column":0},"end":{"line":107,"column":1}},"line":20},"2":{"name":"outlinePdfCjs","decl":{"start":{"line":64,"column":11},"end":{"line":106,"column":5}},"loc":{"start":{"line":64,"column":11},"end":{"line":106,"column":5}},"line":64}},"f":{"0":1,"1":1,"2":1}}
,"/home/lillallol/Desktop/programming/A_web_related/projects/npm/outline-pdf/src/pseudoOutline/calculateCount.ts": {"path":"/home/lillallol/Desktop/programming/A_web_related/projects/npm/outline-pdf/src/pseudoOutline/calculateCount.ts","statementMap":{"0":{"start":{"line":1,"column":0},"end":{"line":1,"column":36}},"1":{"start":{"line":2,"column":0},"end":{"line":2,"column":80}},"2":{"start":{"line":3,"column":0},"end":{"line":3,"column":38}},"3":{"start":{"line":4,"column":0},"end":{"line":4,"column":3}},"4":{"start":{"line":5,"column":0},"end":{"line":5,"column":121}},"5":{"start":{"line":6,"column":0},"end":{"line":6,"column":51}},"6":{"start":{"line":7,"column":0},"end":{"line":7,"column":122}},"7":{"start":{"line":8,"column":0},"end":{"line":8,"column":80}},"8":{"start":{"line":9,"column":0},"end":{"line":9,"column":65}},"9":{"start":{"line":10,"column":0},"end":{"line":10,"column":69}},"10":{"start":{"line":11,"column":0},"end":{"line":11,"column":3}},"11":{"start":{"line":12,"column":0},"end":{"line":12,"column":70}},"12":{"start":{"line":13,"column":0},"end":{"line":13,"column":16}},"13":{"start":{"line":14,"column":0},"end":{"line":14,"column":37}},"14":{"start":{"line":15,"column":0},"end":{"line":15,"column":94}},"15":{"start":{"line":16,"column":0},"end":{"line":16,"column":41}},"16":{"start":{"line":17,"column":0},"end":{"line":17,"column":5}},"17":{"start":{"line":18,"column":0},"end":{"line":18,"column":0}},"18":{"start":{"line":19,"column":0},"end":{"line":19,"column":70}},"19":{"start":{"line":20,"column":0},"end":{"line":20,"column":33}},"20":{"start":{"line":21,"column":0},"end":{"line":21,"column":65}},"21":{"start":{"line":22,"column":0},"end":{"line":22,"column":62}},"22":{"start":{"line":23,"column":0},"end":{"line":23,"column":0}},"23":{"start":{"line":24,"column":0},"end":{"line":24,"column":36}},"24":{"start":{"line":25,"column":0},"end":{"line":25,"column":27}},"25":{"start":{"line":26,"column":0},"end":{"line":26,"column":16}},"26":{"start":{"line":27,"column":0},"end":{"line":27,"column":94}},"27":{"start":{"line":28,"column":0},"end":{"line":28,"column":9}},"28":{"start":{"line":29,"column":0},"end":{"line":29,"column":5}},"29":{"start":{"line":30,"column":0},"end":{"line":30,"column":0}},"30":{"start":{"line":31,"column":0},"end":{"line":31,"column":19}},"31":{"start":{"line":32,"column":0},"end":{"line":32,"column":28}},"32":{"start":{"line":33,"column":0},"end":{"line":33,"column":66}},"33":{"start":{"line":34,"column":0},"end":{"line":34,"column":38}},"34":{"start":{"line":35,"column":0},"end":{"line":35,"column":37}},"35":{"start":{"line":36,"column":0},"end":{"line":36,"column":54}},"36":{"start":{"line":37,"column":0},"end":{"line":37,"column":40}},"37":{"start":{"line":38,"column":0},"end":{"line":38,"column":49}},"38":{"start":{"line":39,"column":0},"end":{"line":39,"column":5}},"39":{"start":{"line":40,"column":0},"end":{"line":40,"column":1}}},"s":{"0":1,"1":1,"2":1,"3":1,"4":1,"5":1,"6":1,"7":1,"8":1,"9":1,"10":1,"11":14,"12":14,"13":10,"14":10,"15":10,"16":10,"17":14,"18":14,"19":14,"20":14,"21":12,"22":12,"23":12,"24":1,"25":12,"26":11,"27":11,"28":12,"29":14,"30":14,"31":2,"32":14,"33":8,"34":12,"35":1,"36":4,"37":3,"38":3,"39":14},"branchMap":{"0":{"type":"branch","line":40,"loc":{"start":{"line":40,"column":1},"end":{"line":40,"column":1}},"locations":[{"start":{"line":40,"column":1},"end":{"line":40,"column":1}}]},"1":{"type":"branch","line":40,"loc":{"start":{"line":40,"column":1},"end":{"line":40,"column":1}},"locations":[{"start":{"line":40,"column":1},"end":{"line":40,"column":1}}]},"2":{"type":"branch","line":12,"loc":{"start":{"line":12,"column":0},"end":{"line":40,"column":1}},"locations":[{"start":{"line":12,"column":0},"end":{"line":40,"column":1}}]},"3":{"type":"branch","line":13,"loc":{"start":{"line":13,"column":15},"end":{"line":17,"column":5}},"locations":[{"start":{"line":13,"column":15},"end":{"line":17,"column":5}}]},"4":{"type":"branch","line":15,"loc":{"start":{"line":15,"column":81},"end":{"line":15,"column":94}},"locations":[{"start":{"line":15,"column":81},"end":{"line":15,"column":94}}]},"5":{"type":"branch","line":21,"loc":{"start":{"line":21,"column":64},"end":{"line":29,"column":5}},"locations":[{"start":{"line":21,"column":64},"end":{"line":29,"column":5}}]},"6":{"type":"branch","line":24,"loc":{"start":{"line":24,"column":35},"end":{"line":26,"column":15}},"locations":[{"start":{"line":24,"column":35},"end":{"line":26,"column":15}}]},"7":{"type":"branch","line":26,"loc":{"start":{"line":26,"column":9},"end":{"line":28,"column":9}},"locations":[{"start":{"line":26,"column":9},"end":{"line":28,"column":9}}]},"8":{"type":"branch","line":27,"loc":{"start":{"line":27,"column":85},"end":{"line":27,"column":88}},"locations":[{"start":{"line":27,"column":85},"end":{"line":27,"column":88}}]},"9":{"type":"branch","line":27,"loc":{"start":{"line":27,"column":89},"end":{"line":27,"column":92}},"locations":[{"start":{"line":27,"column":89},"end":{"line":27,"column":92}}]},"10":{"type":"branch","line":31,"loc":{"start":{"line":31,"column":18},"end":{"line":33,"column":11}},"locations":[{"start":{"line":31,"column":18},"end":{"line":33,"column":11}}]},"11":{"type":"branch","line":33,"loc":{"start":{"line":33,"column":5},"end":{"line":39,"column":5}},"locations":[{"start":{"line":33,"column":5},"end":{"line":39,"column":5}}]},"12":{"type":"branch","line":33,"loc":{"start":{"line":33,"column":65},"end":{"line":35,"column":11}},"locations":[{"start":{"line":33,"column":65},"end":{"line":35,"column":11}}]},"13":{"type":"branch","line":35,"loc":{"start":{"line":35,"column":5},"end":{"line":39,"column":5}},"locations":[{"start":{"line":35,"column":5},"end":{"line":39,"column":5}}]},"14":{"type":"branch","line":35,"loc":{"start":{"line":35,"column":36},"end":{"line":37,"column":6}},"locations":[{"start":{"line":35,"column":36},"end":{"line":37,"column":6}}]},"15":{"type":"branch","line":37,"loc":{"start":{"line":37,"column":5},"end":{"line":39,"column":5}},"locations":[{"start":{"line":37,"column":5},"end":{"line":39,"column":5}}]}},"b":{"0":[1],"1":[1],"2":[14],"3":[10],"4":[0],"5":[12],"6":[1],"7":[11],"8":[3],"9":[8],"10":[2],"11":[12],"12":[8],"13":[4],"14":[1],"15":[3]},"fnMap":{"0":{"name":"Object.<anonymous>","decl":{"start":{"line":40,"column":1},"end":{"line":40,"column":1}},"loc":{"start":{"line":40,"column":1},"end":{"line":40,"column":1}},"line":40},"1":{"name":"calculateCount","decl":{"start":{"line":12,"column":0},"end":{"line":40,"column":1}},"loc":{"start":{"line":12,"column":0},"end":{"line":40,"column":1}},"line":12}},"f":{"0":1,"1":14}}
,"/home/lillallol/Desktop/programming/A_web_related/projects/npm/outline-pdf/src/pseudoOutline/getIndexOfImmediateLastChild.ts": {"path":"/home/lillallol/Desktop/programming/A_web_related/projects/npm/outline-pdf/src/pseudoOutline/getIndexOfImmediateLastChild.ts","statementMap":{"0":{"start":{"line":1,"column":0},"end":{"line":1,"column":36}},"1":{"start":{"line":2,"column":0},"end":{"line":2,"column":0}},"2":{"start":{"line":3,"column":0},"end":{"line":3,"column":3}},"3":{"start":{"line":4,"column":0},"end":{"line":4,"column":92}},"4":{"start":{"line":5,"column":0},"end":{"line":5,"column":34}},"5":{"start":{"line":6,"column":0},"end":{"line":6,"column":3}},"6":{"start":{"line":7,"column":0},"end":{"line":7,"column":84}},"7":{"start":{"line":8,"column":0},"end":{"line":8,"column":23}},"8":{"start":{"line":9,"column":0},"end":{"line":9,"column":41}},"9":{"start":{"line":10,"column":0},"end":{"line":10,"column":53}},"10":{"start":{"line":11,"column":0},"end":{"line":11,"column":52}},"11":{"start":{"line":12,"column":0},"end":{"line":12,"column":71}},"12":{"start":{"line":13,"column":0},"end":{"line":13,"column":5}},"13":{"start":{"line":14,"column":0},"end":{"line":14,"column":113}},"14":{"start":{"line":15,"column":0},"end":{"line":15,"column":26}},"15":{"start":{"line":16,"column":0},"end":{"line":16,"column":1}},"16":{"start":{"line":17,"column":0},"end":{"line":17,"column":0}},"17":{"start":{"line":18,"column":0},"end":{"line":18,"column":31}},"18":{"start":{"line":19,"column":0},"end":{"line":19,"column":71}},"19":{"start":{"line":20,"column":0},"end":{"line":20,"column":9}},"20":{"start":{"line":21,"column":0},"end":{"line":21,"column":62}},"21":{"start":{"line":22,"column":0},"end":{"line":22,"column":10}},"22":{"start":{"line":23,"column":0},"end":{"line":23,"column":2}}},"s":{"0":1,"1":1,"2":1,"3":1,"4":1,"5":1,"6":4,"7":4,"8":4,"9":4,"10":14,"11":14,"12":14,"13":4,"14":4,"15":4,"16":1,"17":1,"18":1,"19":0,"20":0,"21":1,"22":1},"branchMap":{"0":{"type":"branch","line":23,"loc":{"start":{"line":23,"column":2},"end":{"line":23,"column":2}},"locations":[{"start":{"line":23,"column":2},"end":{"line":23,"column":2}}]},"1":{"type":"branch","line":23,"loc":{"start":{"line":23,"column":2},"end":{"line":23,"column":2}},"locations":[{"start":{"line":23,"column":2},"end":{"line":23,"column":2}}]},"2":{"type":"branch","line":7,"loc":{"start":{"line":7,"column":0},"end":{"line":16,"column":1}},"locations":[{"start":{"line":7,"column":0},"end":{"line":16,"column":1}}]},"3":{"type":"branch","line":10,"loc":{"start":{"line":10,"column":52},"end":{"line":13,"column":5}},"locations":[{"start":{"line":10,"column":52},"end":{"line":13,"column":5}}]},"4":{"type":"branch","line":11,"loc":{"start":{"line":11,"column":46},"end":{"line":11,"column":52}},"locations":[{"start":{"line":11,"column":46},"end":{"line":11,"column":52}}]},"5":{"type":"branch","line":11,"loc":{"start":{"line":11,"column":52},"end":{"line":12,"column":65}},"locations":[{"start":{"line":11,"column":52},"end":{"line":12,"column":65}}]},"6":{"type":"branch","line":12,"loc":{"start":{"line":12,"column":51},"end":{"line":12,"column":71}},"locations":[{"start":{"line":12,"column":51},"end":{"line":12,"column":71}}]},"7":{"type":"branch","line":14,"loc":{"start":{"line":14,"column":38},"end":{"line":14,"column":113}},"locations":[{"start":{"line":14,"column":38},"end":{"line":14,"column":113}}]}},"b":{"0":[1],"1":[1],"2":[4],"3":[14],"4":[4],"5":[10],"6":[8],"7":[0]},"fnMap":{"0":{"name":"Object.<anonymous>","decl":{"start":{"line":23,"column":2},"end":{"line":23,"column":2}},"loc":{"start":{"line":23,"column":2},"end":{"line":23,"column":2}},"line":23},"1":{"name":"getIndexOfLastImmediateChild","decl":{"start":{"line":7,"column":0},"end":{"line":16,"column":1}},"loc":{"start":{"line":7,"column":0},"end":{"line":16,"column":1}},"line":7},"2":{"name":"thereIsNoLastImmediateChildForTheGivenIndex","decl":{"start":{"line":19,"column":49},"end":{"line":22,"column":9}},"loc":{"start":{"line":19,"column":49},"end":{"line":22,"column":9}},"line":19}},"f":{"0":1,"1":4,"2":0}}
,"/home/lillallol/Desktop/programming/A_web_related/projects/npm/outline-pdf/src/pseudoOutline/getIndexOfImmediateNextSibling.ts": {"path":"/home/lillallol/Desktop/programming/A_web_related/projects/npm/outline-pdf/src/pseudoOutline/getIndexOfImmediateNextSibling.ts","statementMap":{"0":{"start":{"line":1,"column":0},"end":{"line":1,"column":36}},"1":{"start":{"line":2,"column":0},"end":{"line":2,"column":0}},"2":{"start":{"line":3,"column":0},"end":{"line":3,"column":3}},"3":{"start":{"line":4,"column":0},"end":{"line":4,"column":99}},"4":{"start":{"line":5,"column":0},"end":{"line":5,"column":34}},"5":{"start":{"line":6,"column":0},"end":{"line":6,"column":3}},"6":{"start":{"line":7,"column":0},"end":{"line":7,"column":86}},"7":{"start":{"line":8,"column":0},"end":{"line":8,"column":42}},"8":{"start":{"line":9,"column":0},"end":{"line":9,"column":53}},"9":{"start":{"line":10,"column":0},"end":{"line":10,"column":52}},"10":{"start":{"line":11,"column":0},"end":{"line":11,"column":58}},"11":{"start":{"line":12,"column":0},"end":{"line":12,"column":5}},"12":{"start":{"line":13,"column":0},"end":{"line":13,"column":74}},"13":{"start":{"line":14,"column":0},"end":{"line":14,"column":1}},"14":{"start":{"line":15,"column":0},"end":{"line":15,"column":0}},"15":{"start":{"line":16,"column":0},"end":{"line":16,"column":31}},"16":{"start":{"line":17,"column":0},"end":{"line":17,"column":66}},"17":{"start":{"line":18,"column":0},"end":{"line":18,"column":9}},"18":{"start":{"line":19,"column":0},"end":{"line":19,"column":47}},"19":{"start":{"line":20,"column":0},"end":{"line":20,"column":10}},"20":{"start":{"line":21,"column":0},"end":{"line":21,"column":2}}},"s":{"0":1,"1":1,"2":1,"3":1,"4":1,"5":1,"6":18,"7":18,"8":18,"9":36,"10":36,"11":36,"12":6,"13":6,"14":1,"15":1,"16":1,"17":6,"18":6,"19":1,"20":1},"branchMap":{"0":{"type":"branch","line":21,"loc":{"start":{"line":21,"column":2},"end":{"line":21,"column":2}},"locations":[{"start":{"line":21,"column":2},"end":{"line":21,"column":2}}]},"1":{"type":"branch","line":21,"loc":{"start":{"line":21,"column":2},"end":{"line":21,"column":2}},"locations":[{"start":{"line":21,"column":2},"end":{"line":21,"column":2}}]},"2":{"type":"branch","line":7,"loc":{"start":{"line":7,"column":0},"end":{"line":14,"column":1}},"locations":[{"start":{"line":7,"column":0},"end":{"line":14,"column":1}}]},"3":{"type":"branch","line":9,"loc":{"start":{"line":9,"column":52},"end":{"line":12,"column":5}},"locations":[{"start":{"line":9,"column":52},"end":{"line":12,"column":5}}]},"4":{"type":"branch","line":10,"loc":{"start":{"line":10,"column":46},"end":{"line":10,"column":52}},"locations":[{"start":{"line":10,"column":46},"end":{"line":10,"column":52}}]},"5":{"type":"branch","line":10,"loc":{"start":{"line":10,"column":52},"end":{"line":11,"column":55}},"locations":[{"start":{"line":10,"column":52},"end":{"line":11,"column":55}}]},"6":{"type":"branch","line":11,"loc":{"start":{"line":11,"column":48},"end":{"line":11,"column":58}},"locations":[{"start":{"line":11,"column":48},"end":{"line":11,"column":58}}]},"7":{"type":"branch","line":12,"loc":{"start":{"line":12,"column":5},"end":{"line":14,"column":1}},"locations":[{"start":{"line":12,"column":5},"end":{"line":14,"column":1}}]},"8":{"type":"branch","line":17,"loc":{"start":{"line":17,"column":44},"end":{"line":20,"column":9}},"locations":[{"start":{"line":17,"column":44},"end":{"line":20,"column":9}}]}},"b":{"0":[1],"1":[1],"2":[18],"3":[36],"4":[4],"5":[32],"6":[12],"7":[6],"8":[6]},"fnMap":{"0":{"name":"Object.<anonymous>","decl":{"start":{"line":21,"column":2},"end":{"line":21,"column":2}},"loc":{"start":{"line":21,"column":2},"end":{"line":21,"column":2}},"line":21},"1":{"name":"getIndexOfImmediateNextSibling","decl":{"start":{"line":7,"column":0},"end":{"line":14,"column":1}},"loc":{"start":{"line":7,"column":0},"end":{"line":14,"column":1}},"line":7},"2":{"name":"noImmediateNextSiblingForTheGivenIndex","decl":{"start":{"line":17,"column":44},"end":{"line":20,"column":9}},"loc":{"start":{"line":17,"column":44},"end":{"line":20,"column":9}},"line":17}},"f":{"0":1,"1":18,"2":6}}
,"/home/lillallol/Desktop/programming/A_web_related/projects/npm/outline-pdf/src/pseudoOutline/getIndexOfImmediateParentFactory.ts": {"path":"/home/lillallol/Desktop/programming/A_web_related/projects/npm/outline-pdf/src/pseudoOutline/getIndexOfImmediateParentFactory.ts","statementMap":{"0":{"start":{"line":1,"column":0},"end":{"line":1,"column":38}},"1":{"start":{"line":2,"column":0},"end":{"line":2,"column":41}},"2":{"start":{"line":3,"column":0},"end":{"line":3,"column":0}},"3":{"start":{"line":4,"column":0},"end":{"line":4,"column":77}},"4":{"start":{"line":5,"column":0},"end":{"line":5,"column":61}},"5":{"start":{"line":6,"column":0},"end":{"line":6,"column":4}},"6":{"start":{"line":7,"column":0},"end":{"line":7,"column":81}},"7":{"start":{"line":8,"column":0},"end":{"line":8,"column":103}},"8":{"start":{"line":9,"column":0},"end":{"line":9,"column":3}},"9":{"start":{"line":10,"column":0},"end":{"line":10,"column":78}},"10":{"start":{"line":11,"column":0},"end":{"line":11,"column":46}},"11":{"start":{"line":12,"column":0},"end":{"line":12,"column":41}},"12":{"start":{"line":13,"column":0},"end":{"line":13,"column":66}},"13":{"start":{"line":14,"column":0},"end":{"line":14,"column":9}},"14":{"start":{"line":15,"column":0},"end":{"line":15,"column":17}},"15":{"start":{"line":16,"column":0},"end":{"line":16,"column":2}},"16":{"start":{"line":17,"column":0},"end":{"line":17,"column":25}},"17":{"start":{"line":18,"column":0},"end":{"line":18,"column":1}}},"s":{"0":1,"1":1,"2":1,"3":1,"4":2,"5":2,"6":2,"7":2,"8":2,"9":2,"10":12,"11":12,"12":38,"13":38,"14":4,"15":4,"16":2,"17":2},"branchMap":{"0":{"type":"branch","line":18,"loc":{"start":{"line":18,"column":1},"end":{"line":18,"column":1}},"locations":[{"start":{"line":18,"column":1},"end":{"line":18,"column":1}}]},"1":{"type":"branch","line":18,"loc":{"start":{"line":18,"column":1},"end":{"line":18,"column":1}},"locations":[{"start":{"line":18,"column":1},"end":{"line":18,"column":1}}]},"2":{"type":"branch","line":5,"loc":{"start":{"line":5,"column":0},"end":{"line":18,"column":1}},"locations":[{"start":{"line":5,"column":0},"end":{"line":18,"column":1}}]},"3":{"type":"branch","line":10,"loc":{"start":{"line":10,"column":4},"end":{"line":16,"column":2}},"locations":[{"start":{"line":10,"column":4},"end":{"line":16,"column":2}}]},"4":{"type":"branch","line":12,"loc":{"start":{"line":12,"column":40},"end":{"line":14,"column":9}},"locations":[{"start":{"line":12,"column":40},"end":{"line":14,"column":9}}]},"5":{"type":"branch","line":13,"loc":{"start":{"line":13,"column":56},"end":{"line":13,"column":66}},"locations":[{"start":{"line":13,"column":56},"end":{"line":13,"column":66}}]},"6":{"type":"branch","line":14,"loc":{"start":{"line":14,"column":9},"end":{"line":16,"column":2}},"locations":[{"start":{"line":14,"column":9},"end":{"line":16,"column":2}}]}},"b":{"0":[1],"1":[1],"2":[2],"3":[12],"4":[38],"5":[8],"6":[4]},"fnMap":{"0":{"name":"Object.<anonymous>","decl":{"start":{"line":18,"column":1},"end":{"line":18,"column":1}},"loc":{"start":{"line":18,"column":1},"end":{"line":18,"column":1}},"line":18},"1":{"name":"getIndexOfImmediateParentFactory","decl":{"start":{"line":5,"column":0},"end":{"line":18,"column":1}},"loc":{"start":{"line":5,"column":0},"end":{"line":18,"column":1}},"line":5},"2":{"name":"getIndexOfParent","decl":{"start":{"line":10,"column":4},"end":{"line":16,"column":2}},"loc":{"start":{"line":10,"column":4},"end":{"line":16,"column":2}},"line":10}},"f":{"0":1,"1":2,"2":12}}
[...]
18,"column":0},"end":{"line":18,"column":9}},"18":{"start":{"line":19,"column":0},"end":{"line":19,"column":70}},"19":{"start":{"line":20,"column":0},"end":{"line":20,"column":10}},"20":{"start":{"line":21,"column":0},"end":{"line":21,"column":2}}},"s":{"0":1,"1":1,"2":1,"3":1,"4":1,"5":1,"6":18,"7":18,"8":18,"9":36,"10":36,"11":36,"12":6,"13":6,"14":1,"15":1,"16":1,"17":6,"18":6,"19":1,"20":1},"branchMap":{"0":{"type":"branch","line":21,"loc":{"start":{"line":21,"column":2},"end":{"line":21,"column":2}},"locations":[{"start":{"line":21,"column":2},"end":{"line":21,"column":2}}]},"1":{"type":"branch","line":21,"loc":{"start":{"line":21,"column":2},"end":{"line":21,"column":2}},"locations":[{"start":{"line":21,"column":2},"end":{"line":21,"column":2}}]},"2":{"type":"branch","line":7,"loc":{"start":{"line":7,"column":0},"end":{"line":14,"column":1}},"locations":[{"start":{"line":7,"column":0},"end":{"line":14,"column":1}}]},"3":{"type":"branch","line":9,"loc":{"start":{"line":9,"column":40},"end":{"line":12,"column":5}},"locations":[{"start":{"line":9,"column":40},"end":{"line":12,"column":5}}]},"4":{"type":"branch","line":10,"loc":{"start":{"line":10,"column":46},"end":{"line":10,"column":52}},"locations":[{"start":{"line":10,"column":46},"end":{"line":10,"column":52}}]},"5":{"type":"branch","line":10,"loc":{"start":{"line":10,"column":52},"end":{"line":11,"column":55}},"locations":[{"start":{"line":10,"column":52},"end":{"line":11,"column":55}}]},"6":{"type":"branch","line":11,"loc":{"start":{"line":11,"column":48},"end":{"line":11,"column":58}},"locations":[{"start":{"line":11,"column":48},"end":{"line":11,"column":58}}]},"7":{"type":"branch","line":12,"loc":{"start":{"line":12,"column":5},"end":{"line":14,"column":1}},"locations":[{"start":{"line":12,"column":5},"end":{"line":14,"column":1}}]},"8":{"type":"branch","line":17,"loc":{"start":{"line":17,"column":39},"end":{"line":20,"column":9}},"locations":[{"start":{"line":17,"column":39},"end":{"line":20,"column":9}}]}},"b":{"0":[1],"1":[1],"2":[18],"3":[36],"4":[4],"5":[32],"6":[12],"7":[6],"8":[6]},"fnMap":{"0":{"name":"Object.<anonymous>","decl":{"start":{"line":21,"column":2},"end":{"line":21,"column":2}},"loc":{"start":{"line":21,"column":2},"end":{"line":21,"column":2}},"line":21},"1":{"name":"getIndexOfImmediatePreviousSibling","decl":{"start":{"line":7,"column":0},"end":{"line":14,"column":1}},"loc":{"start":{"line":7,"column":0},"end":{"line":14,"column":1}},"line":7},"2":{"name":"thereIsNoImmediatePreviousSibling","decl":{"start":{"line":17,"column":39},"end":{"line":20,"column":9}},"loc":{"start":{"line":17,"column":39},"end":{"line":20,"column":9}},"line":17}},"f":{"0":1,"1":18,"2":6}}
,"/home/lillallol/Desktop/programming/A_web_related/projects/npm/outline-pdf/src/pseudoOutline/getIndexesOfImmediateChildren.ts": {"path":"/home/lillallol/Desktop/programming/A_web_related/projects/npm/outline-pdf/src/pseudoOutline/getIndexesOfImmediateChildren.ts","statementMap":{"0":{"start":{"line":1,"column":0},"end":{"line":1,"column":36}},"1":{"start":{"line":2,"column":0},"end":{"line":2,"column":0}},"2":{"start":{"line":3,"column":0},"end":{"line":3,"column":3}},"3":{"start":{"line":4,"column":0},"end":{"line":4,"column":108}},"4":{"start":{"line":5,"column":0},"end":{"line":5,"column":80}},"5":{"start":{"line":6,"column":0},"end":{"line":6,"column":3}},"6":{"start":{"line":7,"column":0},"end":{"line":7,"column":87}},"7":{"start":{"line":8,"column":0},"end":{"line":8,"column":34}},"8":{"start":{"line":9,"column":0},"end":{"line":9,"column":66}},"9":{"start":{"line":10,"column":0},"end":{"line":10,"column":53}},"10":{"start":{"line":11,"column":0},"end":{"line":11,"column":70}},"11":{"start":{"line":12,"column":0},"end":{"line":12,"column":53}},"12":{"start":{"line":13,"column":0},"end":{"line":13,"column":5}},"13":{"start":{"line":14,"column":0},"end":{"line":14,"column":20}},"14":{"start":{"line":15,"column":0},"end":{"line":15,"column":1}}},"s":{"0":1,"1":1,"2":1,"3":1,"4":1,"5":1,"6":14,"7":14,"8":14,"9":14,"10":32,"11":32,"12":32,"13":14,"14":14},"branchMap":{"0":{"type":"branch","line":15,"loc":{"start":{"line":15,"column":1},"end":{"line":15,"column":1}},"locations":[{"start":{"line":15,"column":1},"end":{"line":15,"column":1}}]},"1":{"type":"branch","line":15,"loc":{"start":{"line":15,"column":1},"end":{"line":15,"column":1}},"locations":[{"start":{"line":15,"column":1},"end":{"line":15,"column":1}}]},"2":{"type":"branch","line":7,"loc":{"start":{"line":7,"column":0},"end":{"line":15,"column":1}},"locations":[{"start":{"line":7,"column":0},"end":{"line":15,"column":1}}]},"3":{"type":"branch","line":9,"loc":{"start":{"line":9,"column":42},"end":{"line":9,"column":46}},"locations":[{"start":{"line":9,"column":42},"end":{"line":9,"column":46}}]},"4":{"type":"branch","line":9,"loc":{"start":{"line":9,"column":47},"end":{"line":9,"column":65}},"locations":[{"start":{"line":9,"column":47},"end":{"line":9,"column":65}}]},"5":{"type":"branch","line":10,"loc":{"start":{"line":10,"column":52},"end":{"line":13,"column":5}},"locations":[{"start":{"line":10,"column":52},"end":{"line":13,"column":5}}]},"6":{"type":"branch","line":11,"loc":{"start":{"line":11,"column":52},"end":{"line":11,"column":70}},"locations":[{"start":{"line":11,"column":52},"end":{"line":11,"column":70}}]},"7":{"type":"branch","line":12,"loc":{"start":{"line":12,"column":47},"end":{"line":12,"column":53}},"locations":[{"start":{"line":12,"column":47},"end":{"line":12,"column":53}}]}},"b":{"0":[1],"1":[1],"2":[14],"3":[2],"4":[12],"5":[32],"6":[12],"7":[10]},"fnMap":{"0":{"name":"Object.<anonymous>","decl":{"start":{"line":15,"column":1},"end":{"line":15,"column":1}},"loc":{"start":{"line":15,"column":1},"end":{"line":15,"column":1}},"line":15},"1":{"name":"getIndexesOfImmediateChildren","decl":{"start":{"line":7,"column":0},"end":{"line":15,"column":1}},"loc":{"start":{"line":7,"column":0},"end":{"line":15,"column":1}},"line":7}},"f":{"0":1,"1":14}}
,"/home/lillallol/Desktop/programming/A_web_related/projects/npm/outline-pdf/src/pseudoOutline/hasChild.ts": {"path":"/home/lillallol/Desktop/programming/A_web_related/projects/npm/outline-pdf/src/pseudoOutline/hasChild.ts","statementMap":{"0":{"start":{"line":1,"column":0},"end":{"line":1,"column":36}},"1":{"start":{"line":2,"column":0},"end":{"line":2,"column":0}},"2":{"start":{"line":3,"column":0},"end":{"line":3,"column":3}},"3":{"start":{"line":4,"column":0},"end":{"line":4,"column":85}},"4":{"start":{"line":5,"column":0},"end":{"line":5,"column":2}},"5":{"start":{"line":6,"column":0},"end":{"line":6,"column":65}},"6":{"start":{"line":7,"column":0},"end":{"line":7,"column":47}},"7":{"start":{"line":8,"column":0},"end":{"line":8,"column":57}},"8":{"start":{"line":9,"column":0},"end":{"line":9,"column":1}}},"s":{"0":1,"1":1,"2":1,"3":1,"4":1,"5":23,"6":23,"7":19,"8":19},"branchMap":{"0":{"type":"branch","line":9,"loc":{"start":{"line":9,"column":1},"end":{"line":9,"column":1}},"locations":[{"start":{"line":9,"column":1},"end":{"line":9,"column":1}}]},"1":{"type":"branch","line":9,"loc":{"start":{"line":9,"column":1},"end":{"line":9,"column":1}},"locations":[{"start":{"line":9,"column":1},"end":{"line":9,"column":1}}]},"2":{"type":"branch","line":6,"loc":{"start":{"line":6,"column":0},"end":{"line":9,"column":1}},"locations":[{"start":{"line":6,"column":0},"end":{"line":9,"column":1}}]},"3":{"type":"branch","line":7,"loc":{"start":{"line":7,"column":34},"end":{"line":7,"column":47}},"locations":[{"start":{"line":7,"column":34},"end":{"line":7,"column":47}}]},"4":{"type":"branch","line":7,"loc":{"start":{"line":7,"column":47},"end":{"line":9,"column":1}},"locations":[{"start":{"line":7,"column":47},"end":{"line":9,"column":1}}]}},"b":{"0":[1],"1":[1],"2":[23],"3":[4],"4":[19]},"fnMap":{"0":{"name":"Object.<anonymous>","decl":{"start":{"line":9,"column":1},"end":{"line":9,"column":1}},"loc":{"start":{"line":9,"column":1},"end":{"line":9,"column":1}},"line":9},"1":{"name":"hasChild","decl":{"start":{"line":6,"column":0},"end":{"line":9,"column":1}},"loc":{"start":{"line":6,"column":0},"end":{"line":9,"column":1}},"line":6}},"f":{"0":1,"1":23}}
,"/home/lillallol/Desktop/programming/A_web_related/projects/npm/outline-pdf/src/pseudoOutline/hasImmediateNextSibling.ts": {"path":"/home/lillallol/Desktop/programming/A_web_related/projects/npm/outline-pdf/src/pseudoOutline/hasImmediateNextSibling.ts","statementMap":{"0":{"start":{"line":1,"column":0},"end":{"line":1,"column":82}},"1":{"start":{"line":2,"column":0},"end":{"line":2,"column":36}},"2":{"start":{"line":3,"column":0},"end":{"line":3,"column":0}},"3":{"start":{"line":4,"column":0},"end":{"line":4,"column":3}},"4":{"start":{"line":5,"column":0},"end":{"line":5,"column":106}},"5":{"start":{"line":6,"column":0},"end":{"line":6,"column":3}},"6":{"start":{"line":7,"column":0},"end":{"line":7,"column":80}},"7":{"start":{"line":8,"column":0},"end":{"line":8,"column":9}},"8":{"start":{"line":9,"column":0},"end":{"line":9,"column":51}},"9":{"start":{"line":10,"column":0},"end":{"line":10,"column":20}},"10":{"start":{"line":11,"column":0},"end":{"line":11,"column":17}},"11":{"start":{"line":12,"column":0},"end":{"line":12,"column":21}},"12":{"start":{"line":13,"column":0},"end":{"line":13,"column":5}},"13":{"start":{"line":14,"column":0},"end":{"line":14,"column":1}}},"s":{"0":1,"1":1,"2":1,"3":1,"4":1,"5":1,"6":12,"7":12,"8":12,"9":12,"10":12,"11":6,"12":6,"13":12},"branchMap":{"0":{"type":"branch","line":14,"loc":{"start":{"line":14,"column":1},"end":{"line":14,"column":1}},"locations":[{"start":{"line":14,"column":1},"end":{"line":14,"column":1}}]},"1":{"type":"branch","line":14,"loc":{"start":{"line":14,"column":1},"end":{"line":14,"column":1}},"locations":[{"start":{"line":14,"column":1},"end":{"line":14,"column":1}}]},"2":{"type":"branch","line":7,"loc":{"start":{"line":7,"column":0},"end":{"line":14,"column":1}},"locations":[{"start":{"line":7,"column":0},"end":{"line":14,"column":1}}]},"3":{"type":"branch","line":11,"loc":{"start":{"line":11,"column":6},"end":{"line":13,"column":5}},"locations":[{"start":{"line":11,"column":6},"end":{"line":13,"column":5}}]}},"b":{"0":[1],"1":[1],"2":[12],"3":[6]},"fnMap":{"0":{"name":"Object.<anonymous>","decl":{"start":{"line":14,"column":1},"end":{"line":14,"column":1}},"loc":{"start":{"line":14,"column":1},"end":{"line":14,"column":1}},"line":14},"1":{"name":"hasImmediateNextSibling","decl":{"start":{"line":7,"column":0},"end":{"line":14,"column":1}},"loc":{"start":{"line":7,"column":0},"end":{"line":14,"column":1}},"line":7}},"f":{"0":1,"1":12}}
,"/home/lillallol/Desktop/programming/A_web_related/projects/npm/outline-pdf/src/pseudoOutline/hasImmediatePreviousSibling.ts": {"path":"/home/lillallol/Desktop/programming/A_web_related/projects/npm/outline-pdf/src/pseudoOutline/hasImmediatePreviousSibling.ts","statementMap":{"0":{"start":{"line":1,"column":0},"end":{"line":1,"column":90}},"1":{"start":{"line":2,"column":0},"end":{"line":2,"column":41}},"2":{"start":{"line":3,"column":0},"end":{"line":3,"column":0}},"3":{"start":{"line":4,"column":0},"end":{"line":4,"column":3}},"4":{"start":{"line":5,"column":0},"end":{"line":5,"column":110}},"5":{"start":{"line":6,"column":0},"end":{"line":6,"column":3}},"6":{"start":{"line":7,"column":0},"end":{"line":7,"column":84}},"7":{"start":{"line":8,"column":0},"end":{"line":8,"column":9}},"8":{"start":{"line":9,"column":0},"end":{"line":9,"column":55}},"9":{"start":{"line":10,"column":0},"end":{"line":10,"column":20}},"10":{"start":{"line":11,"column":0},"end":{"line":11,"column":17}},"11":{"start":{"line":12,"column":0},"end":{"line":12,"column":21}},"12":{"start":{"line":13,"column":0},"end":{"line":13,"column":5}},"13":{"start":{"line":14,"column":0},"end":{"line":14,"column":1}}},"s":{"0":1,"1":1,"2":1,"3":1,"4":1,"5":1,"6":12,"7":12,"8":12,"9":12,"10":12,"11":6,"12":6,"13":12},"branchMap":{"0":{"type":"branch","line":14,"loc":{"start":{"line":14,"column":1},"end":{"line":14,"column":1}},"locations":[{"start":{"line":14,"column":1},"end":{"line":14,"column":1}}]},"1":{"type":"branch","line":14,"loc":{"start":{"line":14,"column":1},"end":{"line":14,"column":1}},"locations":[{"start":{"line":14,"column":1},"end":{"line":14,"column":1}}]},"2":{"type":"branch","line":7,"loc":{"start":{"line":7,"column":0},"end":{"line":14,"column":1}},"locations":[{"start":{"line":7,"column":0},"end":{"line":14,"column":1}}]},"3":{"type":"branch","line":11,"loc":{"start":{"line":11,"column":6},"end":{"line":13,"column":5}},"locations":[{"start":{"line":11,"column":6},"end":{"line":13,"column":5}}]}},"b":{"0":[1],"1":[1],"2":[12],"3":[6]},"fnMap":{"0":{"name":"Object.<anonymous>","decl":{"start":{"line":14,"column":1},"end":{"line":14,"column":1}},"loc":{"start":{"line":14,"column":1},"end":{"line":14,"column":1}},"line":14},"1":{"name":"hasImmediatePreviousSibling","decl":{"start":{"line":7,"column":0},"end":{"line":14,"column":1}},"loc":{"start":{"line":7,"column":0},"end":{"line":14,"column":1}},"line":7}},"f":{"0":1,"1":12}}
,"/home/lillallol/Desktop/programming/A_web_related/projects/npm/outline-pdf/src/pseudoOutline/pseudoOutline.ts": {"path":"/home/lillallol/Desktop/programming/A_web_related/projects/npm/outline-pdf/src/pseudoOutline/pseudoOutline.ts","statementMap":{"0":{"start":{"line":1,"column":0},"end":{"line":1,"column":38}},"1":{"start":{"line":2,"column":0},"end":{"line":2,"column":0}},"2":{"start":{"line":3,"column":0},"end":{"line":3,"column":78}},"3":{"start":{"line":4,"column":0},"end":{"line":4,"column":82}},"4":{"start":{"line":5,"column":0},"end":{"line":5,"column":90}},"5":{"start":{"line":6,"column":0},"end":{"line":6,"column":76}},"6":{"start":{"line":7,"column":0},"end":{"line":7,"column":68}},"7":{"start":{"line":8,"column":0},"end":{"line":8,"column":86}},"8":{"start":{"line":9,"column":0},"end":{"line":9,"column":50}},"9":{"start":{"line":10,"column":0},"end":{"line":10,"column":0}},"10":{"start":{"line":11,"column":0},"end":{"line":11,"column":41}},"11":{"start":{"line":12,"column":0},"end":{"line":12,"column":38}},"12":{"start":{"line":13,"column":0},"end":{"line":13,"column":0}},"13":{"start":{"line":14,"column":0},"end":{"line":14,"column":20}},"14":{"start":{"line":15,"column":0},"end":{"line":15,"column":18}},"15":{"start":{"line":16,"column":0},"end":{"line":16,"column":28}},"16":{"start":{"line":17,"column":0},"end":{"line":17,"column":18}},"17":{"start":{"line":18,"column":0},"end":{"line":18,"column":18}},"18":{"start":{"line":19,"column":0},"end":{"line":19,"column":19}},"19":{"start":{"line":20,"column":0},"end":{"line":20,"column":18}},"20":{"start":{"line":21,"column":0},"end":{"line":21,"column":19}},"21":{"start":{"line":22,"column":0},"end":{"line":22,"column":17}},"22":{"start":{"line":23,"column":0},"end":{"line":23,"column":2}},"23":{"start":{"line":24,"column":0},"end":{"line":24,"column":0}},"24":{"start":{"line":25,"column":0},"end":{"line":25,"column":3}},"25":{"start":{"line":26,"column":0},"end":{"line":26,"column":64}},"26":{"start":{"line":27,"column":0},"end":{"line":27,"column":2}},"27":{"start":{"line":28,"column":0},"end":{"line":28,"column":30}},"28":{"start":{"line":29,"column":0},"end":{"line":29,"column":22}},"29":{"start":{"line":30,"column":0},"end":{"line":30,"column":18}},"30":{"start":{"line":31,"column":0},"end":{"line":31,"column":5}},"31":{"start":{"line":32,"column":0},"end":{"line":32,"column":4}},"32":{"start":{"line":33,"column":0},"end":{"line":33,"column":83}},"33":{"start":{"line":34,"column":0},"end":{"line":34,"column":3}},"34":{"start":{"line":35,"column":0},"end":{"line":35,"column":30}},"35":{"start":{"line":36,"column":0},"end":{"line":36,"column":4}},"36":{"start":{"line":37,"column":0},"end":{"line":37,"column":58}},"37":{"start":{"line":38,"column":0},"end":{"line":38,"column":69}},"38":{"start":{"line":39,"column":0},"end":{"line":39,"column":3}},"39":{"start":{"line":40,"column":0},"end":{"line":40,"column":26}},"40":{"start":{"line":41,"column":0},"end":{"line":41,"column":3}},"41":{"start":{"line":42,"column":0},"end":{"line":42,"column":43}},"42":{"start":{"line":43,"column":0},"end":{"line":43,"column":79}},"43":{"start":{"line":44,"column":0},"end":{"line":44,"column":57}},"44":{"start":{"line":45,"column":0},"end":{"line":45,"column":46}},"45":{"start":{"line":46,"column":0},"end":{"line":46,"column":27}},"46":{"start":{"line":47,"column":0},"end":{"line":47,"column":36}},"47":{"start":{"line":48,"column":0},"end":{"line":48,"column":58}},"48":{"start":{"line":49,"column":0},"end":{"line":49,"column":60}},"49":{"start":{"line":50,"column":0},"end":{"line":50,"column":69}},"50":{"start":{"line":51,"column":0},"end":{"line":51,"column":15}},"51":{"start":{"line":52,"column":0},"end":{"line":52,"column":56}},"52":{"start":{"line":53,"column":0},"end":{"line":53,"column":65}},"53":{"start":{"line":54,"column":0},"end":{"line":54,"column":15}},"54":{"start":{"line":55,"column":0},"end":{"line":55,"column":41}},"55":{"start":{"line":56,"column":0},"end":{"line":56,"column":29}},"56":{"start":{"line":57,"column":0},"end":{"line":57,"column":63}},"57":{"start":{"line":58,"column":0},"end":{"line":58,"column":40}},"58":{"start":{"line":59,"column":0},"end":{"line":59,"column":15}},"59":{"start":{"line":60,"column":0},"end":{"line":60,"column":44}},"60":{"start":{"line":61,"column":0},"end":{"line":61,"column":10}},"61":{"start":{"line":62,"column":0},"end":{"line":62,"column":5}},"62":{"start":{"line":63,"column":0},"end":{"line":63,"column":12}},"63":{"start":{"line":64,"column":0},"end":{"line":64,"column":35}},"64":{"start":{"line":65,"column":0},"end":{"line":65,"column":43}},"65":{"start":{"line":66,"column":0},"end":{"line":66,"column":6}},"66":{"start":{"line":67,"column":0},"end":{"line":67,"column":1}}},"s":{"0":1,"1":1,"2":1,"3":1,"4":1,"5":1,"6":1,"7":1,"8":1,"9":1,"10":1,"11":1,"12":1,"13":1,"14":1,"15":1,"16":1,"17":1,"18":1,"19":1,"20":1,"21":1,"22":1,"23":1,"24":1,"25":1,"26":1,"27":2,"28":2,"29":2,"30":2,"31":2,"32":2,"33":2,"34":2,"35":2,"36":2,"37":2,"38":2,"39":2,"40":2,"41":2,"42":2,"43":2,"44":2,"45":12,"46":12,"47":12,"48":12,"49":6,"50":12,"51":12,"52":6,"53":12,"54":12,"55":4,"56":4,"57":4,"58":12,"59":12,"60":12,"61":12,"62":2,"63":2,"64":2,"65":2,"66":2},"branchMap":{"0":{"type":"branch","line":67,"loc":{"start":{"line":67,"column":1},"end":{"line":67,"column":1}},"locations":[{"start":{"line":67,"column":1},"end":{"line":67,"column":1}}]},"1":{"type":"branch","line":67,"loc":{"start":{"line":67,"column":1},"end":{"line":67,"column":1}},"locations":[{"start":{"line":67,"column":1},"end":{"line":67,"column":1}}]},"2":{"type":"branch","line":28,"loc":{"start":{"line":28,"column":0},"end":{"line":67,"column":1}},"locations":[{"start":{"line":28,"column":0},"end":{"line":67,"column":1}}]},"3":{"type":"branch","line":45,"loc":{"start":{"line":45,"column":45},"end":{"line":62,"column":5}},"locations":[{"start":{"line":45,"column":45},"end":{"line":62,"column":5}}]},"4":{"type":"branch","line":49,"loc":{"start":{"line":49,"column":55},"end":{"line":51,"column":14}},"locations":[{"start":{"line":49,"column":55},"end":{"line":51,"column":14}}]},"5":{"type":"branch","line":52,"loc":{"start":{"line":52,"column":51},"end":{"line":54,"column":14}},"locations":[{"start":{"line":52,"column":51},"end":{"line":54,"column":14}}]},"6":{"type":"branch","line":55,"loc":{"start":{"line":55,"column":36},"end":{"line":59,"column":14}},"locations":[{"start":{"line":55,"column":36},"end":{"line":59,"column":14}}]}},"b":{"0":[1],"1":[1],"2":[2],"3":[12],"4":[6],"5":[6],"6":[4]},"fnMap":{"0":{"name":"Object.<anonymous>","decl":{"start":{"line":67,"column":1},"end":{"line":67,"column":1}},"loc":{"start":{"line":67,"column":1},"end":{"line":67,"column":1}},"line":67},"1":{"name":"pseudoOutline","decl":{"start":{"line":28,"column":0},"end":{"line":67,"column":1}},"loc":{"start":{"line":28,"column":0},"end":{"line":67,"column":1}},"line":28}},"f":{"0":1,"1":2}}
}
