TN:
SF:src/outlinePdf/createOutlineDictFactory.ts
FN:23,Object.<anonymous>
FN:4,createOutlineDictFactory
FN:6,createOutlineDict
FNF:3
FNH:3
FNDA:1,Object.<anonymous>
FNDA:4,createOutlineDictFactory
FNDA:1,createOutlineDict
DA:1,1
DA:2,1
DA:3,1
DA:4,4
DA:5,4
DA:6,4
DA:7,1
DA:8,1
DA:9,1
DA:10,1
DA:11,1
DA:12,1
DA:13,1
DA:14,1
DA:15,1
DA:16,1
DA:17,1
DA:18,1
DA:19,1
DA:20,1
DA:21,1
DA:22,4
DA:23,4
LF:23
LH:23
BRDA:23,0,0,1
BRDA:23,1,0,1
BRDA:4,2,0,4
BRDA:6,3,0,1
BRF:4
BRH:4
end_of_record
TN:
SF:src/outlinePdf/createOutlineNodeFactory.ts
FN:40,Object.<anonymous>
FN:12,createOutlineNodeFactory
FN:14,createOutlineNode
FNF:3
FNH:3
FNDA:1,Object.<anonymous>
FNDA:4,createOutlineNodeFactory
FNDA:7,createOutlineNode
DA:1,1
DA:2,1
DA:3,1
DA:4,1
DA:5,1
DA:6,1
DA:7,1
DA:8,1
DA:9,1
DA:10,1
DA:11,1
DA:12,4
DA:13,4
DA:14,4
DA:15,7
DA:16,7
DA:17,7
DA:18,7
DA:19,7
DA:20,7
DA:21,7
DA:22,7
DA:23,7
DA:24,7
DA:25,7
DA:26,7
DA:27,7
DA:28,7
DA:29,7
DA:30,7
DA:31,7
DA:32,7
DA:33,7
DA:34,7
DA:35,7
DA:36,7
DA:37,7
DA:38,7
DA:39,4
DA:40,4
LF:40
LH:40
BRDA:40,0,0,1
BRDA:40,1,0,1
BRDA:12,2,0,4
BRDA:14,3,0,7
BRDA:31,4,0,3
BRDA:32,5,0,3
BRDA:33,6,0,3
BRDA:34,7,0,3
BRDA:35,8,0,3
BRF:9
BRH:9
end_of_record
TN:
SF:src/outlinePdf/getPageRefsFactory.ts
FN:13,Object.<anonymous>
FN:4,getPageRefsFactory
FN:6,getPageRefs
FNF:3
FNH:3
FNDA:1,Object.<anonymous>
FNDA:4,getPageRefsFactory
FNDA:1,getPageRefs
DA:1,1
DA:2,1
DA:3,1
DA:4,4
DA:5,4
DA:6,4
DA:7,1
DA:8,1
DA:9,7
DA:10,1
DA:11,1
DA:12,4
DA:13,4
LF:13
LH:13
BRDA:13,0,0,1
BRDA:13,1,0,1
BRDA:4,2,0,4
BRDA:6,3,0,1
BRDA:8,4,0,7
BRF:5
BRH:5
end_of_record
TN:
SF:src/outlinePdf/printedToOutline.ts
FN:93,Object.<anonymous>
FN:26,printedToOutline
FN:74,wrongDepthDisplacement
FN:80,zeroPageInOutlineIsNotAllowed
FN:81,pageNumberInOutlineExceedsMaximum
FN:84,wrongPatternInLine
FN:85,invalidDisplacementOfPage
FN:91,nodeIsCollapsedWithoutChildren
FNF:8
FNH:8
FNDA:1,Object.<anonymous>
FNDA:12,printedToOutline
FNDA:2,wrongDepthDisplacement
FNDA:2,zeroPageInOutlineIsNotAllowed
FNDA:2,pageNumberInOutlineExceedsMaximum
FNDA:2,wrongPatternInLine
FNDA:2,invalidDisplacementOfPage
FNDA:2,nodeIsCollapsedWithoutChildren
DA:1,1
DA:2,1
DA:3,1
DA:4,1
DA:5,1
DA:6,1
DA:7,1
DA:8,1
DA:9,1
DA:10,1
DA:11,1
DA:12,1
DA:13,1
DA:14,1
DA:15,1
DA:16,1
DA:17,1
DA:18,1
DA:19,1
DA:20,1
DA:21,1
DA:22,1
DA:23,1
DA:24,1
DA:25,1
DA:26,12
DA:27,12
DA:28,11
DA:29,11
DA:30,11
DA:31,11
DA:32,11
DA:33,11
DA:34,35
DA:35,35
DA:36,35
DA:37,35
DA:38,34
DA:39,34
DA:40,34
DA:41,34
DA:42,34
DA:43,34
DA:44,34
DA:45,34
DA:46,35
DA:47,33
DA:48,35
DA:49,32
DA:50,35
DA:51,35
DA:52,22
DA:53,1
DA:54,1
DA:55,21
DA:56,22
DA:57,1
DA:58,1
DA:59,20
DA:60,22
DA:61,1
DA:62,1
DA:63,22
DA:64,28
DA:65,28
DA:66,28
DA:67,11
DA:68,11
DA:69,11
DA:70,11
DA:71,1
DA:72,1
DA:73,1
DA:74,1
DA:75,2
DA:76,2
DA:77,2
DA:78,2
DA:79,1
DA:80,1
DA:81,1
DA:82,1
DA:83,1
DA:84,1
DA:85,1
DA:86,2
DA:87,2
DA:88,2
DA:89,2
DA:90,1
DA:91,1
DA:92,1
DA:93,1
LF:93
LH:93
BRDA:93,0,0,1
BRDA:93,1,0,1
BRDA:26,2,0,12
BRDA:27,3,0,1
BRDA:27,4,0,11
BRDA:33,5,0,35
BRDA:37,6,0,1
BRDA:37,7,0,34
BRDA:46,8,0,1
BRDA:46,9,0,33
BRDA:48,10,0,1
BRDA:48,11,0,32
BRDA:50,12,0,10
BRDA:50,13,0,1
BRDA:50,14,0,31
BRDA:51,15,0,22
BRDA:52,16,0,1
BRDA:54,17,0,21
BRDA:56,18,0,1
BRDA:58,19,0,20
BRDA:60,20,0,3
BRDA:60,21,0,1
BRDA:63,22,0,28
BRDA:74,23,0,2
BRDA:80,24,0,2
BRDA:81,25,0,2
BRDA:84,26,0,2
BRDA:85,27,0,2
BRDA:91,28,0,2
BRF:29
BRH:29
end_of_record
TN:
SF:src/outlinePdf/outlinePdf/outlinePdfFactory.ts
FN:158,Object.<anonymous>
FN:55,outlinePdfFactory
FN:73,savePdf
FN:78,loadPdf
FN:82,set outline
FN:85,get outline
FN:90,applyOutlineToPdf
FNF:7
FNH:7
FNDA:1,Object.<anonymous>
FNDA:4,outlinePdfFactory
FNDA:2,savePdf
FNDA:2,loadPdf
FNDA:2,set outline
FNDA:3,get outline
FNDA:2,applyOutlineToPdf
DA:1,1
DA:2,1
DA:3,1
DA:4,1
DA:5,1
DA:6,1
DA:7,1
DA:8,1
DA:9,1
DA:10,1
DA:11,1
DA:12,1
DA:13,1
DA:14,1
DA:15,1
DA:16,1
DA:17,1
DA:18,1
DA:19,1
DA:20,1
DA:21,1
DA:22,1
DA:23,1
DA:24,1
DA:25,1
DA:26,1
DA:27,1
DA:28,1
DA:29,1
DA:30,1
DA:31,1
DA:32,1
DA:33,1
DA:34,1
DA:35,1
DA:36,1
DA:37,1
DA:38,1
DA:39,1
DA:40,1
DA:41,1
DA:42,1
DA:43,1
DA:44,1
DA:45,1
DA:46,1
DA:47,1
DA:48,1
DA:49,1
DA:50,1
DA:51,1
DA:52,1
DA:53,1
DA:54,1
DA:55,4
DA:56,4
DA:57,4
DA:58,4
DA:59,4
DA:60,4
DA:61,4
DA:62,4
DA:63,4
DA:64,4
DA:65,4
DA:66,4
DA:67,4
DA:68,4
DA:69,4
DA:70,4
DA:71,4
DA:72,4
DA:73,4
DA:74,2
DA:75,2
DA:76,1
DA:77,4
DA:78,4
DA:79,2
DA:80,2
DA:81,4
DA:82,4
DA:83,2
DA:84,4
DA:85,4
DA:86,3
DA:87,3
DA:88,2
DA:89,4
DA:90,4
DA:91,2
DA:92,2
DA:93,1
DA:94,1
DA:95,1
DA:96,1
DA:97,1
DA:98,1
DA:99,1
DA:100,1
DA:101,1
DA:102,1
DA:103,1
DA:104,7
DA:105,1
DA:106,1
DA:107,1
DA:108,1
DA:109,1
DA:110,2
DA:111,7
DA:112,7
DA:113,7
DA:114,7
DA:115,7
DA:116,3
DA:117,7
DA:118,7
DA:119,3
DA:120,7
DA:121,7
DA:122,7
DA:123,7
DA:124,7
DA:125,7
DA:126,7
DA:127,7
DA:128,7
DA:129,7
DA:130,7
DA:131,7
DA:132,7
DA:133,7
DA:134,7
DA:135,7
DA:136,7
DA:137,7
DA:138,7
DA:139,7
DA:140,7
DA:141,7
DA:142,7
DA:143,7
DA:144,7
DA:145,7
DA:146,7
DA:147,7
DA:148,7
DA:149,7
DA:150,4
DA:151,4
DA:152,4
DA:153,1
DA:154,1
DA:155,1
DA:156,1
DA:157,1
DA:158,1
LF:158
LH:158
BRDA:158,0,0,1
BRDA:158,1,0,1
BRDA:55,2,0,4
BRDA:73,3,0,2
BRDA:75,4,0,1
BRDA:78,5,0,2
BRDA:82,6,0,2
BRDA:85,7,0,3
BRDA:87,8,0,1
BRDA:87,9,0,2
BRDA:90,10,0,2
BRDA:92,11,0,1
BRDA:110,12,0,7
BRDA:114,13,0,5
BRDA:114,14,0,2
BRDA:115,15,0,3
BRDA:118,16,0,3
BRDA:121,17,0,3
BRDA:122,18,0,3
BRDA:123,19,0,3
BRDA:103,20,0,7
BRDA:124,21,0,7
BRDA:147,22,0,7
BRF:23
BRH:23
end_of_record
TN:
SF:src/outlinePdfCjs/rejectIfPathExistsFactory.ts
FN:23,Object.<anonymous>
FN:7,rejectIfPathExistsFactory
FN:8,rejectIfPathExists
FN:19,pathExist
FNF:4
FNH:4
FNDA:1,Object.<anonymous>
FNDA:1,rejectIfPathExistsFactory
FNDA:1,rejectIfPathExists
FNDA:2,pathExist
DA:1,1
DA:2,1
DA:3,1
DA:4,1
DA:5,1
DA:6,1
DA:7,1
DA:8,1
DA:9,1
DA:10,1
DA:11,1
DA:12,1
DA:13,1
DA:14,1
DA:15,1
DA:16,1
DA:17,1
DA:18,1
DA:19,1
DA:20,2
DA:21,2
DA:22,1
DA:23,1
LF:23
LH:23
BRDA:23,0,0,1
BRDA:23,1,0,1
BRDA:7,2,0,1
BRDA:8,3,0,1
BRDA:13,4,0,0
BRDA:14,5,0,0
BRDA:11,6,0,1
BRDA:12,7,0,1
BRDA:19,8,0,2
BRF:9
BRH:7
end_of_record
TN:
SF:src/outlinePdfCjs/throwIfPathDoesNotEndWithPdf.ts
FN:10,Object.<anonymous>
FN:4,throwIfPathDoesNotEndWithPdf
FN:9,pathDoesNotEndWithPdf
FNF:3
FNH:3
FNDA:1,Object.<anonymous>
FNDA:1,throwIfPathDoesNotEndWithPdf
FNDA:2,pathDoesNotEndWithPdf
DA:1,1
DA:2,1
DA:3,1
DA:4,1
DA:5,1
DA:6,1
DA:7,1
DA:8,1
DA:9,1
DA:10,1
LF:10
LH:10
BRDA:10,0,0,1
BRDA:10,1,0,1
BRDA:4,2,0,1
BRDA:5,3,0,0
BRDA:9,4,0,2
BRF:5
BRH:4
end_of_record
TN:
SF:src/outlinePdfCjs/outlinePdfCjs/outlinePdfCjsFactory.ts
FN:107,Object.<anonymous>
FN:20,outlinePdfCjsFactory
FN:64,outlinePdfCjs
FNF:3
FNH:3
FNDA:1,Object.<anonymous>
FNDA:1,outlinePdfCjsFactory
FNDA:1,outlinePdfCjs
DA:1,1
DA:2,1
DA:3,1
DA:4,1
DA:5,1
DA:6,1
DA:7,1
DA:8,1
DA:9,1
DA:10,1
DA:11,1
DA:12,1
DA:13,1
DA:14,1
DA:15,1
DA:16,1
DA:17,1
DA:18,1
DA:19,1
DA:20,1
DA:21,1
DA:22,1
DA:23,1
DA:24,1
DA:25,1
DA:26,1
DA:27,1
DA:28,1
DA:29,1
DA:30,1
DA:31,1
DA:32,1
DA:33,1
DA:34,1
DA:35,1
DA:36,1
DA:37,1
DA:38,1
DA:39,1
DA:40,1
DA:41,1
DA:42,1
DA:43,1
DA:44,1
DA:45,1
DA:46,1
DA:47,1
DA:48,1
DA:49,1
DA:50,1
DA:51,1
DA:52,1
DA:53,1
DA:54,1
DA:55,1
DA:56,1
DA:57,1
DA:58,1
DA:59,1
DA:60,1
DA:61,1
DA:62,1
DA:63,1
DA:64,1
DA:65,1
DA:66,1
DA:67,1
DA:68,1
DA:69,1
DA:70,1
DA:71,1
DA:72,1
DA:73,1
DA:74,1
DA:75,1
DA:76,1
DA:77,1
DA:78,1
DA:79,1
DA:80,1
DA:81,1
DA:82,1
DA:83,1
DA:84,1
DA:85,1
DA:86,1
DA:87,1
DA:88,1
DA:89,1
DA:90,1
DA:91,1
DA:92,1
DA:93,1
DA:94,1
DA:95,1
DA:96,1
DA:97,1
DA:98,1
DA:99,1
DA:100,1
DA:101,1
DA:102,1
DA:103,1
DA:104,1
DA:105,1
DA:106,1
DA:107,1
LF:107
LH:107
BRDA:107,0,0,1
BRDA:107,1,0,1
BRDA:20,2,0,1
BRDA:64,3,0,1
BRF:4
BRH:4
end_of_record
TN:
SF:src/pseudoOutline/calculateCount.ts
FN:40,Object.<anonymous>
FN:12,calculateCount
FNF:2
FNH:2
FNDA:1,Object.<anonymous>
FNDA:14,calculateCount
DA:1,1
DA:2,1
DA:3,1
DA:4,1
DA:5,1
DA:6,1
DA:7,1
DA:8,1
DA:9,1
DA:10,1
DA:11,1
DA:12,14
DA:13,14
DA:14,10
DA:15,10
DA:16,10
DA:17,10
DA:18,14
DA:19,14
DA:20,14
DA:21,14
DA:22,12
DA:23,12
DA:24,12
DA:25,1
DA:26,12
DA:27,11
DA:28,11
DA:29,12
DA:30,14
DA:31,14
DA:32,2
DA:33,14
DA:34,8
DA:35,12
DA:36,1
DA:37,4
DA:38,3
DA:39,3
DA:40,14
LF:40
LH:40
BRDA:40,0,0,1
BRDA:40,1,0,1
BRDA:12,2,0,14
BRDA:13,3,0,10
BRDA:15,4,0,0
BRDA:21,5,0,12
BRDA:24,6,0,1
BRDA:26,7,0,11
BRDA:27,8,0,3
BRDA:27,9,0,8
BRDA:31,10,0,2
BRDA:33,11,0,12
BRDA:33,12,0,8
BRDA:35,13,0,4
BRDA:35,14,0,1
BRDA:37,15,0,3
BRF:16
BRH:15
end_of_record
TN:
SF:src/pseudoOutline/getIndexOfImmediateLastChild.ts
FN:23,Object.<anonymous>
FN:7,getIndexOfLastImmediateChild
FN:19,thereIsNoLastImmediateChildForTheGivenIndex
FNF:3
FNH:2
FNDA:1,Object.<anonymous>
FNDA:4,getIndexOfLastImmediateChild
FNDA:0,thereIsNoLastImmediateChildForTheGivenIndex
DA:1,1
DA:2,1
DA:3,1
DA:4,1
DA:5,1
DA:6,1
DA:7,4
DA:8,4
DA:9,4
DA:10,4
DA:11,14
DA:12,14
DA:13,14
DA:14,4
DA:15,4
DA:16,4
DA:17,1
DA:18,1
DA:19,1
DA:20,0
DA:21,0
DA:22,1
DA:23,1
LF:23
LH:21
BRDA:23,0,0,1
BRDA:23,1,0,1
BRDA:7,2,0,4
BRDA:10,3,0,14
BRDA:11,4,0,4
BRDA:11,5,0,10
BRDA:12,6,0,8
BRDA:14,7,0,0
BRF:8
BRH:7
end_of_record
TN:
SF:src/pseudoOutline/getIndexOfImmediateNextSibling.ts
FN:21,Object.<anonymous>
FN:7,getIndexOfImmediateNextSibling
FN:17,noImmediateNextSiblingForTheGivenIndex
FNF:3
FNH:3
FNDA:1,Object.<anonymous>
FNDA:18,getIndexOfImmediateNextSibling
FNDA:6,noImmediateNextSiblingForTheGivenIndex
DA:1,1
DA:2,1
DA:3,1
DA:4,1
DA:5,1
DA:6,1
DA:7,18
DA:8,18
DA:9,18
DA:10,36
DA:11,36
DA:12,36
DA:13,6
DA:14,6
DA:15,1
DA:16,1
DA:17,1
DA:18,6
DA:19,6
DA:20,1
DA:21,1
LF:21
LH:21
BRDA:21,0,0,1
BRDA:21,1,0,1
BRDA:7,2,0,18
BRDA:9,3,0,36
BRDA:10,4,0,4
BRDA:10,5,0,32
BRDA:11,6,0,12
BRDA:12,7,0,6
BRDA:17,8,0,6
BRF:9
BRH:9
end_of_record
TN:
SF:src/pseudoOutline/getIndexOfImmediateParentFactory.ts
FN:18,Object.<anonymous>
FN:5,getIndexOfImmediateParentFactory
FN:10,getIndexOfParent
FNF:3
FNH:3
FNDA:1,Object.<anonymous>
FNDA:2,getIndexOfImmediateParentFactory
FNDA:12,getIndexOfParent
DA:1,1
DA:2,1
DA:3,1
DA:4,1
DA:5,2
DA:6,2
DA:7,2
DA:8,2
DA:9,2
DA:10,2
DA:11,12
DA:12,12
DA:13,38
DA:14,38
DA:15,4
DA:16,4
DA:17,2
DA:18,2
LF:18
LH:18
BRDA:18,0,0,1
BRDA:18,1,0,1
BRDA:5,2,0,2
BRDA:10,3,0,12
BRDA:12,4,0,38
BRDA:13,5,0,8
BRDA:14,6,0,4
BRF:7
BRH:7
end_of_record
TN:
SF:src/pseudoOutline/getIndexOfImmediatePreviousSibling.ts
FN:21,Object.<anonymous>
FN:7,getIndexOfImmediatePreviousSibling
FN:17,thereIsNoImmediatePreviousSibling
FNF:3
FNH:3
FNDA:1,Object.<anonymous>
FNDA:18,getIndexOfImmediatePreviousSibling
FNDA:6,thereIsNoImmediatePreviousSibling
DA:1,1
DA:2,1
DA:3,1
DA:4,1
DA:5,1
DA:6,1
DA:7,18
DA:8,18
DA:9,18
DA:10,36
DA:11,36
DA:12,36
DA:13,6
DA:14,6
DA:15,1
DA:16,1
DA:17,1
DA:18,6
DA:19,6
DA:20,1
DA:21,1
LF:21
LH:21
BRDA:21,0,0,1
BRDA:21,1,0,1
BRDA:7,2,0,18
BRDA:9,3,0,36
BRDA:10,4,0,4
BRDA:10,5,0,32
BRDA:11,6,0,12
BRDA:12,7,0,6
BRDA:17,8,0,6
BRF:9
BRH:9
end_of_record
TN:
SF:src/pseudoOutline/getIndexesOfImmediateChildren.ts
FN:15,Object.<anonymous>
FN:7,getIndexesOfImmediateChildren
FNF:2
FNH:2
FNDA:1,Object.<anonymous>
FNDA:14,getIndexesOfImmediateChildren
DA:1,1
DA:2,1
DA:3,1
DA:4,1
DA:5,1
DA:6,1
DA:7,14
DA:8,14
DA:9,14
DA:10,14
DA:11,32
DA:12,32
DA:13,32
DA:14,14
DA:15,14
LF:15
LH:15
BRDA:15,0,0,1
BRDA:15,1,0,1
BRDA:7,2,0,14
BRDA:9,3,0,2
BRDA:9,4,0,12
BRDA:10,5,0,32
BRDA:11,6,0,12
BRDA:12,7,0,10
BRF:8
BRH:8
end_of_record
TN:
SF:src/pseudoOutline/hasChild.ts
FN:9,Object.<anonymous>
FN:6,hasChild
FNF:2
FNH:2
FNDA:1,Object.<anonymous>
FNDA:23,hasChild
DA:1,1
DA:2,1
DA:3,1
DA:4,1
DA:5,1
DA:6,23
DA:7,23
DA:8,19
DA:9,19
LF:9
LH:9
BRDA:9,0,0,1
BRDA:9,1,0,1
BRDA:6,2,0,23
BRDA:7,3,0,4
BRDA:7,4,0,19
BRF:5
BRH:5
end_of_record
TN:
SF:src/pseudoOutline/hasImmediateNextSibling.ts
FN:14,Object.<anonymous>
FN:7,hasImmediateNextSibling
FNF:2
FNH:2
FNDA:1,Object.<anonymous>
FNDA:12,hasImmediateNextSibling
DA:1,1
DA:2,1
DA:3,1
DA:4,1
DA:5,1
DA:6,1
DA:7,12
DA:8,12
DA:9,12
DA:10,12
DA:11,12
DA:12,6
DA:13,6
DA:14,12
LF:14
LH:14
BRDA:14,0,0,1
BRDA:14,1,0,1
BRDA:7,2,0,12
BRDA:11,3,0,6
BRF:4
BRH:4
end_of_record
TN:
SF:src/pseudoOutline/hasImmediatePreviousSibling.ts
FN:14,Object.<anonymous>
FN:7,hasImmediatePreviousSibling
FNF:2
FNH:2
FNDA:1,Object.<anonymous>
FNDA:12,hasImmediatePreviousSibling
DA:1,1
DA:2,1
DA:3,1
DA:4,1
DA:5,1
DA:6,1
DA:7,12
DA:8,12
DA:9,12
DA:10,12
DA:11,12
DA:12,6
DA:13,6
DA:14,12
LF:14
LH:14
BRDA:14,0,0,1
BRDA:14,1,0,1
BRDA:7,2,0,12
BRDA:11,3,0,6
BRF:4
BRH:4
end_of_record
TN:
SF:src/pseudoOutline/pseudoOutline.ts
FN:67,Object.<anonymous>
FN:28,pseudoOutline
FNF:2
FNH:2
FNDA:1,Object.<anonymous>
FNDA:2,pseudoOutline
DA:1,1
DA:2,1
DA:3,1
DA:4,1
DA:5,1
DA:6,1
DA:7,1
DA:8,1
DA:9,1
DA:10,1
DA:11,1
DA:12,1
DA:13,1
DA:14,1
DA:15,1
DA:16,1
DA:17,1
DA:18,1
DA:19,1
DA:20,1
DA:21,1
DA:22,1
DA:23,1
DA:24,1
DA:25,1
DA:26,1
DA:27,1
DA:28,2
DA:29,2
DA:30,2
DA:31,2
DA:32,2
DA:33,2
DA:34,2
DA:35,2
DA:36,2
DA:37,2
DA:38,2
DA:39,2
DA:40,2
DA:41,2
DA:42,2
DA:43,2
DA:44,2
DA:45,2
DA:46,12
DA:47,12
DA:48,12
DA:49,12
DA:50,6
DA:51,12
DA:52,12
DA:53,6
DA:54,12
DA:55,12
DA:56,4
DA:57,4
DA:58,4
DA:59,12
DA:60,12
DA:61,12
DA:62,12
DA:63,2
DA:64,2
DA:65,2
DA:66,2
DA:67,2
LF:67
LH:67
BRDA:67,0,0,1
BRDA:67,1,0,1
BRDA:28,2,0,2
BRDA:45,3,0,12
BRDA:49,4,0,6
BRDA:52,5,0,6
BRDA:55,6,0,4
BRF:7
BRH:7
end_of_record
